#
# A fatal error has been detected by the Java Runtime Environment:
#
#  EXCEPTION_ACCESS_VIOLATION (0xc0000005) at pc=0x00007ffc52ae9693, pid=15748, tid=27932
#
# JRE version: Java(TM) SE Runtime Environment (17.0.4.1+1) (build 17.0.4.1+1-LTS-2)
# Java VM: Java HotSpot(TM) 64-Bit Server VM (17.0.4.1+1-LTS-2, mixed mode, sharing, tiered, compressed oops, compressed class ptrs, g1 gc, windows-amd64)
# Problematic frame:
# C  [msvcrt.dll+0x79693]
#
# No core dump will be written. Minidumps are not enabled by default on client versions of Windows
#
# If you would like to submit a bug report, please visit:
#   https://bugreport.java.com/bugreport/crash.jsp
# The crash happened outside the Java Virtual Machine in native code.
# See problematic frame for where to report the bug.
#

---------------  S U M M A R Y ------------

Command Line: -Dfile.encoding=windows-1251 -Duser.country=RU -Duser.language=ru -Duser.variant ru.ocupuc.ClientApp

Host: 12th Gen Intel(R) Core(TM) i5-12600K, 16 cores, 31G,  Windows 11 , 64 bit Build 22621 (10.0.22621.2070)
Time: Sun Jul 30 08:38:48 2023 RTZ 4 (s 11 , 64 bit Build 22621 (10.0.22621.2070) elapsed time: 435.452651 seconds (0d 0h 7m 15s)

---------------  T H R E A D  ---------------

Current thread (0x00000222d67be700):  JavaThread "main" [_thread_in_native, id=27932, stack(0x0000004e4b600000,0x0000004e4b700000)]

Stack: [0x0000004e4b600000,0x0000004e4b700000],  sp=0x0000004e4b6ff398,  free space=1020k
Native frames: (J=compiled Java code, j=interpreted, Vv=VM code, C=native code)
C  [msvcrt.dll+0x79693]
C  [gdx64.dll+0x20f4]

Java frames: (J=compiled Java code, j=interpreted, Vv=VM code)
J 2507  com.badlogic.gdx.utils.BufferUtils.copyJni([FLjava/nio/Buffer;II)V (0 bytes) @ 0x00000222e7dfb418 [0x00000222e7dfb3a0+0x0000000000000078]
J 3635 c2 com.badlogic.gdx.backends.lwjgl3.Lwjgl3Window.update()Z (217 bytes) @ 0x00000222e7f2ecd0 [0x00000222e7f2dbc0+0x0000000000001110]
J 3941% c2 com.badlogic.gdx.backends.lwjgl3.Lwjgl3Application.loop()V (468 bytes) @ 0x00000222e800fde0 [0x00000222e800f900+0x00000000000004e0]
j  com.badlogic.gdx.backends.lwjgl3.Lwjgl3Application.<init>(Lcom/badlogic/gdx/ApplicationListener;Lcom/badlogic/gdx/backends/lwjgl3/Lwjgl3ApplicationConfiguration;)V+243
j  ru.ocupuc.ClientApp.main([Ljava/lang/String;)V+26
v  ~StubRoutines::call_stub

siginfo: EXCEPTION_ACCESS_VIOLATION (0xc0000005), writing address 0x0000000000000000


Register to memory mapping:

RIP=0x00007ffc52ae9693 msvcrt.dll
RAX=0x0 is NULL
RBX=0x00000222d67be9a8 points into unknown readable memory: 0x000002228db30000 | 00 00 b3 8d 22 02 00 00
RCX=0x0000000000000010 is an unknown value
RDX=0x0000000655e5b618 is pointing into object: [F 
{0x0000000655e5b608} - klass: {type array float}
 - length: 20000
RSP=0x0000004e4b6ff398 is pointing into the stack for thread: 0x00000222d67be700
RBP=0x0000004e4b6ff430 is pointing into the stack for thread: 0x00000222d67be700
RSI=0x0000000000000028 is an unknown value
RDI=0x0 is NULL
R8 =0x0000000000000010 is an unknown value
R9 =0x0000000000000002 is an unknown value
R10=0x00007ffc04925af0 jvm.dll
R11=0x0000000655e5b6b8 is pointing into object: [F 
{0x0000000655e5b608} - klass: {type array float}
 - length: 20000
R12=0x0000000655e5b618 is pointing into object: [F 
{0x0000000655e5b608} - klass: {type array float}
 - length: 20000
R13=0x0 is NULL
R14=0x0000004e4b6ff460 is pointing into the stack for thread: 0x00000222d67be700
R15=0x00000222d67be700 is a thread


Registers:
RAX=0x0000000000000000, RBX=0x00000222d67be9a8, RCX=0x0000000000000010, RDX=0x0000000655e5b618
RSP=0x0000004e4b6ff398, RBP=0x0000004e4b6ff430, RSI=0x0000000000000028, RDI=0x0000000000000000
R8 =0x0000000000000010, R9 =0x0000000000000002, R10=0x00007ffc04925af0, R11=0x0000000655e5b6b8
R12=0x0000000655e5b618, R13=0x0000000000000000, R14=0x0000004e4b6ff460, R15=0x00000222d67be700
RIP=0x00007ffc52ae9693, EFLAGS=0x0000000000010202

Top of Stack: (sp=0x0000004e4b6ff398)
0x0000004e4b6ff398:   000000006e7020f4 00000222d67be9a8
0x0000004e4b6ff3a8:   0000000000000028 00000222d67be700
0x0000004e4b6ff3b8:   0000000655e5b238 0000000000000de1
0x0000004e4b6ff3c8:   0000000655e5b500 0000000603200e00
0x0000004e4b6ff3d8:   0000000000000000 0000004e4b6ff470
0x0000004e4b6ff3e8:   0000000000000000 0000000655e5b238
0x0000004e4b6ff3f8:   00000222e7dfb4b8 0000004e4b6ff460
0x0000004e4b6ff408:   00000222e7df078c 0000000000000008
0x0000004e4b6ff418:   0000000603200e00 0000000000000028
0x0000004e4b6ff428:   0000000000000000 0000000655e5b608
0x0000004e4b6ff438:   0000000655e5b500 0000000000000008
0x0000004e4b6ff448:   00000222887b8d18 0000000000000000
0x0000004e4b6ff458:   00000222887b8ce0 00000006031fe8a8
0x0000004e4b6ff468:   0000000655e5b3b8 0000000655e5b4e0
0x0000004e4b6ff478:   00000222e7f2ecd0 00000169efd62487
0x0000004e4b6ff488:   0000004e4b6ff510 0000000603200e88 

Instructions: (pc=0x00007ffc52ae9693)
0x00007ffc52ae9593:   8b 54 02 f8 4c 89 19 4a 89 54 01 f8 c3 49 83 f8
0x00007ffc52ae95a3:   20 77 5a 0f 10 02 42 0f 10 4c 02 f0 0f 11 01 42
0x00007ffc52ae95b3:   0f 11 4c 01 f0 c3 0f 1f 80 00 00 00 00 4d 85 c0
0x00007ffc52ae95c3:   74 15 48 2b d1 72 16 44 8a 1c 11 48 ff c1 49 ff
0x00007ffc52ae95d3:   c8 44 88 59 ff 75 f0 c3 0f 1f 44 00 00 49 03 c8
0x00007ffc52ae95e3:   44 8a 5c 11 ff 48 ff c9 49 ff c8 44 88 19 75 f0
0x00007ffc52ae95f3:   c3 66 66 66 66 0f 1f 84 00 00 00 00 00 4e 8d 1c
0x00007ffc52ae9603:   02 48 2b d1 73 09 4c 3b d9 0f 87 6e 01 00 00 0f
0x00007ffc52ae9613:   10 04 11 48 83 c1 10 f6 c1 0f 74 12 48 83 e1 f0
0x00007ffc52ae9623:   0f 10 0c 11 0f 11 00 0f 28 c1 48 83 c1 10 4c 03
0x00007ffc52ae9633:   c0 4c 2b c1 4d 8b c8 49 c1 e9 06 74 6f 49 81 f9
0x00007ffc52ae9643:   00 10 00 00 0f 87 b3 00 00 00 49 83 e0 3f eb 2d
0x00007ffc52ae9653:   66 66 66 66 66 66 66 0f 1f 84 00 00 00 00 00 66
0x00007ffc52ae9663:   66 66 66 66 66 66 0f 1f 84 00 00 00 00 00 66 66
0x00007ffc52ae9673:   66 66 66 66 66 0f 1f 84 00 00 00 00 00 0f 10 0c
0x00007ffc52ae9683:   11 0f 10 54 11 10 0f 10 5c 11 20 0f 10 64 11 30
0x00007ffc52ae9693:   0f 29 41 f0 48 83 c1 40 49 ff c9 0f 29 49 c0 0f
0x00007ffc52ae96a3:   29 51 d0 0f 29 59 e0 0f 28 c4 75 d1 4d 8b c8 49
0x00007ffc52ae96b3:   c1 e9 04 74 19 0f 1f 84 00 00 00 00 00 0f 29 41
0x00007ffc52ae96c3:   f0 0f 10 04 11 48 83 c1 10 49 ff c9 75 ef 49 83
0x00007ffc52ae96d3:   e0 0f 74 0e 4e 8d 5c 01 f0 41 0f 10 0c 13 41 0f
0x00007ffc52ae96e3:   11 0b 0f 29 41 f0 c3 66 66 66 66 66 66 66 0f 1f
0x00007ffc52ae96f3:   84 00 00 00 00 00 0f 1f 80 00 00 00 00 4d 8b c8
0x00007ffc52ae9703:   49 c1 e9 06 49 83 e0 3f 0f 18 44 11 40 eb 2e 66
0x00007ffc52ae9713:   66 66 66 66 66 66 0f 1f 84 00 00 00 00 00 66 66
0x00007ffc52ae9723:   66 66 66 66 66 0f 1f 84 00 00 00 00 00 66 66 66
0x00007ffc52ae9733:   66 66 66 66 0f 1f 84 00 00 00 00 00 90 0f 10 0c
0x00007ffc52ae9743:   11 0f 10 54 11 10 0f 10 5c 11 20 0f 10 64 11 30
0x00007ffc52ae9753:   0f 2b 41 f0 48 83 c1 40 0f 18 44 11 40 49 ff c9
0x00007ffc52ae9763:   0f 2b 49 c0 0f 2b 51 d0 0f 2b 59 e0 0f 28 c4 75
0x00007ffc52ae9773:   cc 0f ae f8 e9 33 ff ff ff 0f 1f 40 00 49 03 c8
0x00007ffc52ae9783:   0f 10 44 11 f0 48 83 e9 10 49 83 e8 10 f6 c1 0f 


Stack slot to memory mapping:
stack at sp + 0 slots: 0x000000006e7020f4 gdx64.dll
stack at sp + 1 slots: 0x00000222d67be9a8 points into unknown readable memory: 0x000002228db30000 | 00 00 b3 8d 22 02 00 00
stack at sp + 2 slots: 0x0000000000000028 is an unknown value
stack at sp + 3 slots: 0x00000222d67be700 is a thread
stack at sp + 4 slots: 0x0000000655e5b238 is an oop: com.badlogic.gdx.graphics.g2d.SpriteBatch 
{0x0000000655e5b238} - klass: 'com/badlogic/gdx/graphics/g2d/SpriteBatch'
 - ---- fields (total size 12 words):
 - 'idx' 'I' @12  40 (28)
 - 'invTexWidth' 'F' @16  0.022222 (3cb60b61)
 - 'invTexHeight' 'F' @20  0.022222 (3cb60b61)
 - private 'blendSrcFunc' 'I' @24  770 (302)
 - private 'blendDstFunc' 'I' @28  771 (303)
 - private 'blendSrcFuncAlpha' 'I' @32  770 (302)
 - private 'blendDstFuncAlpha' 'I' @36  771 (303)
 - 'colorPacked' 'F' @40  -170141173319264429905852091742258462720.000000 (feffffff)
 - public 'renderCalls' 'I' @44  1
 - public 'totalRenderCalls' 'I' @48  1
 - public 'maxSpritesInBatch' 'I' @52  2
 - 'drawing' 'Z' @56  true
 - private 'blendingDisabled' 'Z' @57  false
 - private 'ownsShader' 'Z' @58  true
 - private 'mesh' 'Lcom/badlogic/gdx/graphics/Mesh;' @60  a 'com/badlogic/gdx/graphics/Mesh'{0x0000000655e5b3d8} (cabcb67b)
 - final 'vertices' '[F' @64  [F{0x0000000655e5b608} (cabcb6c1)
 - 'lastTexture' 'Lcom/badlogic/gdx/graphics/Texture;' @68  a 'com/badlogic/gdx/graphics/Texture'{0x0000000603202880} (c0640510)
 - private final 'transformMatrix' 'Lcom/badlogic/gdx/math/Matrix4;' @72  a 'com/badlogic/gdx/math/Matrix4'{0x0000000655e5b298} (cabcb653)
 - private final 'projectionMatrix' 'Lcom/badlogic/gdx/math/Matrix4;' @76  a 'com/badlogic/gdx/math/Matrix4'{0x0000000655e5b2f8} (cabcb65f)
 - private final 'combinedMatrix' 'Lcom/badlogic/gdx/math/Matrix4;' @80  a 'com/badlogic/gdx/math/Matrix4'{0x0000000655e5b358} (cabcb66b)
 - private final 'shader' 'Lcom/badlogic/gdx/graphics/glutils/ShaderProgram;' @84  a 'com/badlogic/gdx/graphics/glutils/ShaderProgram'{0x0000000655e71d88} (cabce3b1)
 - private 'customShader' 'Lcom/badlogic/gdx/graphics/glutils/ShaderProgram;' @88  NULL (0)
 - private final 'color' 'Lcom/badlogic/gdx/graphics/Color;' @92  a 'com/badlogic/gdx/graphics/Color'{0x0000000655e5b3b8} (cabcb677)
stack at sp + 5 slots: 0x0000000000000de1 is an unknown value
stack at sp + 6 slots: 0x0000000655e5b500 is an oop: java.nio.DirectByteBuffer 
{0x0000000655e5b500} - klass: 'java/nio/DirectByteBuffer'
 - ---- fields (total size 8 words):
 - private 'mark' 'I' @12  -1 (ffffffff)
 - 'address' 'J' @16  0 (0 0)
 - private 'position' 'I' @24  0
 - private 'limit' 'I' @28  160 (a0)
 - private 'capacity' 'I' @32  80000 (13880)
 - final 'segment' 'Ljdk/internal/access/foreign/MemorySegmentProxy;' @36  NULL (0)
 - final 'offset' 'I' @40  0
 - 'isReadOnly' 'Z' @44  false
 - 'bigEndian' 'Z' @45  false
 - 'nativeByteOrder' 'Z' @46  true
 - final 'hb' '[B' @48  NULL (0)
 - private final 'isSync' 'Z' @47  false
 - private final 'fd' 'Ljava/io/FileDescriptor;' @52  NULL (0)
 - private final 'att' 'Ljava/lang/Object;' @56  NULL (0)
 - private final 'cleaner' 'Ljdk/internal/ref/Cleaner;' @60  NULL (0)
stack at sp + 7 slots: 0x0000000603200e00 is pointing into object: [B 
{0x0000000603200de8} - klass: {type array byte}
 - length: 9


---------------  P R O C E S S  ---------------

Threads class SMR info:
_java_thread_list=0x000002239d5d5e50, length=14, elements={
0x00000222d67be700, 0x00000222fd967630, 0x00000222fd9681e0, 0x00000222fd97a900,
0x00000222fd97b4b0, 0x00000222fd97c060, 0x00000222fd97eb20, 0x00000222fd9817e0,
0x00000222fd9891d0, 0x00000222fd98cfd0, 0x00000222fdb0ec90, 0x00000222fdb0f160,
0x00000222fea52440, 0x00000222886714f0
}

Java Threads: ( => current thread )
=>0x00000222d67be700 JavaThread "main" [_thread_in_native, id=27932, stack(0x0000004e4b600000,0x0000004e4b700000)]
  0x00000222fd967630 JavaThread "Reference Handler" daemon [_thread_blocked, id=10804, stack(0x0000004e4bd00000,0x0000004e4be00000)]
  0x00000222fd9681e0 JavaThread "Finalizer" daemon [_thread_blocked, id=18004, stack(0x0000004e4be00000,0x0000004e4bf00000)]
  0x00000222fd97a900 JavaThread "Signal Dispatcher" daemon [_thread_blocked, id=7428, stack(0x0000004e4bf00000,0x0000004e4c000000)]
  0x00000222fd97b4b0 JavaThread "Attach Listener" daemon [_thread_blocked, id=23560, stack(0x0000004e4c000000,0x0000004e4c100000)]
  0x00000222fd97c060 JavaThread "Service Thread" daemon [_thread_blocked, id=20036, stack(0x0000004e4c100000,0x0000004e4c200000)]
  0x00000222fd97eb20 JavaThread "Monitor Deflation Thread" daemon [_thread_blocked, id=23512, stack(0x0000004e4c200000,0x0000004e4c300000)]
  0x00000222fd9817e0 JavaThread "C2 CompilerThread0" daemon [_thread_blocked, id=9904, stack(0x0000004e4c300000,0x0000004e4c400000)]
  0x00000222fd9891d0 JavaThread "C1 CompilerThread0" daemon [_thread_blocked, id=11064, stack(0x0000004e4c400000,0x0000004e4c500000)]
  0x00000222fd98cfd0 JavaThread "Sweeper thread" daemon [_thread_blocked, id=16636, stack(0x0000004e4c500000,0x0000004e4c600000)]
  0x00000222fdb0ec90 JavaThread "Notification Thread" daemon [_thread_blocked, id=20428, stack(0x0000004e4c700000,0x0000004e4c800000)]
  0x00000222fdb0f160 JavaThread "Common-Cleaner" daemon [_thread_blocked, id=17744, stack(0x0000004e4c900000,0x0000004e4ca00000)]
  0x00000222fea52440 JavaThread "Thread-0" daemon [_thread_blocked, id=18092, stack(0x0000004e4cb00000,0x0000004e4cc00000)]
  0x00000222886714f0 JavaThread "nioEventLoopGroup-2-1" [_thread_in_native, id=17264, stack(0x0000004e4df00000,0x0000004e4e000000)]

Other Threads:
  0x00000222fab0e750 VMThread "VM Thread" [stack: 0x0000004e4bc00000,0x0000004e4bd00000] [id=4448]
  0x00000222fdb163f0 WatcherThread [stack: 0x0000004e4c800000,0x0000004e4c900000] [id=25480]
  0x00000222d89cd5d0 GCTaskThread "GC Thread#0" [stack: 0x0000004e4b700000,0x0000004e4b800000] [id=25564]
  0x00000222fdc4fbb0 GCTaskThread "GC Thread#1" [stack: 0x0000004e4d100000,0x0000004e4d200000] [id=26912]
  0x00000222ffa79de0 GCTaskThread "GC Thread#2" [stack: 0x0000004e4d200000,0x0000004e4d300000] [id=10988]
  0x00000222ff8eb6b0 GCTaskThread "GC Thread#3" [stack: 0x0000004e4d300000,0x0000004e4d400000] [id=21300]
  0x00000222ff81a990 GCTaskThread "GC Thread#4" [stack: 0x0000004e4d400000,0x0000004e4d500000] [id=15588]
  0x00000222ff70ce50 GCTaskThread "GC Thread#5" [stack: 0x0000004e4d500000,0x0000004e4d600000] [id=10448]
  0x00000222881dabd0 GCTaskThread "GC Thread#6" [stack: 0x0000004e4d600000,0x0000004e4d700000] [id=1176]
  0x00000222ffe0fd20 GCTaskThread "GC Thread#7" [stack: 0x0000004e4d700000,0x0000004e4d800000] [id=2568]
  0x00000222ffe77d30 GCTaskThread "GC Thread#8" [stack: 0x0000004e4d800000,0x0000004e4d900000] [id=22032]
  0x00000222ffe77fe0 GCTaskThread "GC Thread#9" [stack: 0x0000004e4d900000,0x0000004e4da00000] [id=9332]
  0x00000222ffe786a0 GCTaskThread "GC Thread#10" [stack: 0x0000004e4da00000,0x0000004e4db00000] [id=27936]
  0x00000222fffc9010 GCTaskThread "GC Thread#11" [stack: 0x0000004e4db00000,0x0000004e4dc00000] [id=8732]
  0x0000022287fdce10 GCTaskThread "GC Thread#12" [stack: 0x0000004e4cc00000,0x0000004e4cd00000] [id=28904]
  0x00000222d89ce4e0 ConcurrentGCThread "G1 Main Marker" [stack: 0x0000004e4b800000,0x0000004e4b900000] [id=8368]
  0x00000222fa9200a0 ConcurrentGCThread "G1 Conc#0" [stack: 0x0000004e4b900000,0x0000004e4ba00000] [id=25804]
  0x000002235be23070 ConcurrentGCThread "G1 Conc#1" [stack: 0x0000004e4b400000,0x0000004e4b500000] [id=22716]
  0x000002235be23320 ConcurrentGCThread "G1 Conc#2" [stack: 0x0000004e4b500000,0x0000004e4b600000] [id=19652]
  0x00000222faa47e90 ConcurrentGCThread "G1 Refine#0" [stack: 0x0000004e4ba00000,0x0000004e4bb00000] [id=2224]
  0x0000022370637c00 ConcurrentGCThread "G1 Refine#1" [stack: 0x0000004e4ca00000,0x0000004e4cb00000] [id=17288]
  0x00000222faa488b0 ConcurrentGCThread "G1 Service" [stack: 0x0000004e4bb00000,0x0000004e4bc00000] [id=5488]

Threads with active compile tasks:

VM state: not at safepoint (normal execution)

VM Mutex/Monitor currently owned by a thread: None

Heap address: 0x0000000602c00000, size: 8148 MB, Compressed Oops mode: Zero based, Oop shift amount: 3

CDS archive(s) mapped at: [0x0000000800000000-0x0000000800bc0000-0x0000000800bc0000), size 12320768, SharedBaseAddress: 0x0000000800000000, ArchiveRelocationMode: 0.
Compressed class space mapped at: 0x0000000800c00000-0x0000000840c00000, reserved size: 1073741824
Narrow klass base: 0x0000000800000000, Narrow klass shift: 0, Narrow klass range: 0x100000000

GC Precious Log:
 CPUs: 16 total, 16 available
 Memory: 32585M
 Large Page Support: Disabled
 NUMA Support: Disabled
 Compressed Oops: Enabled (Zero based)
 Heap Region Size: 4M
 Heap Min Capacity: 8M
 Heap Initial Capacity: 512M
 Heap Max Capacity: 8148M
 Pre-touch: Disabled
 Parallel Workers: 13
 Concurrent Workers: 3
 Concurrent Refinement Workers: 13
 Periodic GC: Disabled

Heap:
 garbage-first heap   total 1413120K, used 898866K [0x0000000602c00000, 0x0000000800000000)
  region size 4096K, 25 young (102400K), 7 survivors (28672K)
 Metaspace       used 16326K, committed 16512K, reserved 1064960K
  class space    used 1541K, committed 1664K, reserved 1048576K

Heap Regions: E=young(eden), S=young(survivor), O=old, HS=humongous(starts), HC=humongous(continues), CS=collection set, F=free, OA=open archive, CA=closed archive, TAMS=top-at-mark-start (previous, next)
|   0|0x0000000602c00000, 0x0000000603000000, 0x0000000603000000|100%| O|  |TAMS 0x0000000603000000, 0x0000000602c00000| Untracked 
|   1|0x0000000603000000, 0x0000000603400000, 0x0000000603400000|100%| O|  |TAMS 0x0000000603400000, 0x0000000603000000| Untracked 
|   2|0x0000000603400000, 0x0000000603800000, 0x0000000603800000|100%| O|  |TAMS 0x0000000603800000, 0x0000000603400000| Untracked 
|   3|0x0000000603800000, 0x0000000603c00000, 0x0000000603c00000|100%| O|  |TAMS 0x0000000603c00000, 0x0000000603800000| Untracked 
|   4|0x0000000603c00000, 0x0000000604000000, 0x0000000604000000|100%| O|  |TAMS 0x0000000604000000, 0x0000000603c00000| Untracked 
|   5|0x0000000604000000, 0x0000000604400000, 0x0000000604400000|100%| O|  |TAMS 0x0000000604400000, 0x0000000604000000| Untracked 
|   6|0x0000000604400000, 0x0000000604800000, 0x0000000604800000|100%| O|  |TAMS 0x0000000604800000, 0x0000000604400000| Untracked 
|   7|0x0000000604800000, 0x0000000604c00000, 0x0000000604c00000|100%| O|  |TAMS 0x0000000604c00000, 0x0000000604800000| Untracked 
|   8|0x0000000604c00000, 0x0000000605000000, 0x0000000605000000|100%| O|  |TAMS 0x0000000605000000, 0x0000000604c00000| Untracked 
|   9|0x0000000605000000, 0x0000000605400000, 0x0000000605400000|100%| O|  |TAMS 0x0000000605400000, 0x0000000605000000| Untracked 
|  10|0x0000000605400000, 0x0000000605800000, 0x0000000605800000|100%| O|  |TAMS 0x0000000605800000, 0x0000000605400000| Untracked 
|  11|0x0000000605800000, 0x0000000605c00000, 0x0000000605c00000|100%| O|  |TAMS 0x0000000605c00000, 0x0000000605800000| Untracked 
|  12|0x0000000605c00000, 0x0000000606000000, 0x0000000606000000|100%| O|  |TAMS 0x0000000606000000, 0x0000000605c00000| Untracked 
|  13|0x0000000606000000, 0x0000000606400000, 0x0000000606400000|100%| O|  |TAMS 0x0000000606400000, 0x0000000606000000| Untracked 
|  14|0x0000000606400000, 0x0000000606800000, 0x0000000606800000|100%| O|  |TAMS 0x0000000606800000, 0x0000000606400000| Untracked 
|  15|0x0000000606800000, 0x0000000606c00000, 0x0000000606c00000|100%| O|  |TAMS 0x0000000606c00000, 0x0000000606800000| Untracked 
|  16|0x0000000606c00000, 0x0000000607000000, 0x0000000607000000|100%| O|  |TAMS 0x0000000607000000, 0x0000000606c00000| Untracked 
|  17|0x0000000607000000, 0x0000000607400000, 0x0000000607400000|100%| O|  |TAMS 0x0000000607400000, 0x0000000607000000| Untracked 
|  18|0x0000000607400000, 0x0000000607800000, 0x0000000607800000|100%| O|  |TAMS 0x0000000607800000, 0x0000000607400000| Untracked 
|  19|0x0000000607800000, 0x0000000607c00000, 0x0000000607c00000|100%| O|  |TAMS 0x0000000607c00000, 0x0000000607800000| Untracked 
|  20|0x0000000607c00000, 0x0000000608000000, 0x0000000608000000|100%| O|  |TAMS 0x0000000608000000, 0x0000000607c00000| Untracked 
|  21|0x0000000608000000, 0x0000000608400000, 0x0000000608400000|100%| O|  |TAMS 0x0000000608400000, 0x0000000608000000| Untracked 
|  22|0x0000000608400000, 0x0000000608800000, 0x0000000608800000|100%| O|  |TAMS 0x0000000608800000, 0x0000000608400000| Untracked 
|  23|0x0000000608800000, 0x0000000608c00000, 0x0000000608c00000|100%| O|  |TAMS 0x0000000608c00000, 0x0000000608800000| Untracked 
|  24|0x0000000608c00000, 0x0000000609000000, 0x0000000609000000|100%| O|  |TAMS 0x0000000609000000, 0x0000000608c00000| Untracked 
|  25|0x0000000609000000, 0x0000000609400000, 0x0000000609400000|100%| O|  |TAMS 0x0000000609400000, 0x0000000609000000| Untracked 
|  26|0x0000000609400000, 0x0000000609800000, 0x0000000609800000|100%| O|  |TAMS 0x0000000609800000, 0x0000000609400000| Untracked 
|  27|0x0000000609800000, 0x0000000609c00000, 0x0000000609c00000|100%| O|  |TAMS 0x0000000609c00000, 0x0000000609800000| Untracked 
|  28|0x0000000609c00000, 0x000000060a000000, 0x000000060a000000|100%| O|  |TAMS 0x000000060a000000, 0x0000000609c00000| Untracked 
|  29|0x000000060a000000, 0x000000060a400000, 0x000000060a400000|100%| O|  |TAMS 0x000000060a400000, 0x000000060a000000| Untracked 
|  30|0x000000060a400000, 0x000000060a800000, 0x000000060a800000|100%| O|  |TAMS 0x000000060a800000, 0x000000060a400000| Untracked 
|  31|0x000000060a800000, 0x000000060ac00000, 0x000000060ac00000|100%| O|  |TAMS 0x000000060ac00000, 0x000000060a800000| Untracked 
|  32|0x000000060ac00000, 0x000000060b000000, 0x000000060b000000|100%| O|  |TAMS 0x000000060b000000, 0x000000060ac00000| Untracked 
|  33|0x000000060b000000, 0x000000060b400000, 0x000000060b400000|100%| O|  |TAMS 0x000000060b400000, 0x000000060b000000| Untracked 
|  34|0x000000060b400000, 0x000000060b800000, 0x000000060b800000|100%| O|  |TAMS 0x000000060b800000, 0x000000060b400000| Untracked 
|  35|0x000000060b800000, 0x000000060bc00000, 0x000000060bc00000|100%| O|  |TAMS 0x000000060bc00000, 0x000000060b800000| Untracked 
|  36|0x000000060bc00000, 0x000000060c000000, 0x000000060c000000|100%| O|  |TAMS 0x000000060c000000, 0x000000060bc00000| Untracked 
|  37|0x000000060c000000, 0x000000060c400000, 0x000000060c400000|100%| O|  |TAMS 0x000000060c400000, 0x000000060c000000| Untracked 
|  38|0x000000060c400000, 0x000000060c800000, 0x000000060c800000|100%| O|  |TAMS 0x000000060c800000, 0x000000060c400000| Untracked 
|  39|0x000000060c800000, 0x000000060cc00000, 0x000000060cc00000|100%| O|  |TAMS 0x000000060cc00000, 0x000000060c800000| Untracked 
|  40|0x000000060cc00000, 0x000000060d000000, 0x000000060d000000|100%| O|  |TAMS 0x000000060d000000, 0x000000060cc00000| Untracked 
|  41|0x000000060d000000, 0x000000060d400000, 0x000000060d400000|100%| O|  |TAMS 0x000000060d400000, 0x000000060d000000| Untracked 
|  42|0x000000060d400000, 0x000000060d800000, 0x000000060d800000|100%| O|  |TAMS 0x000000060d800000, 0x000000060d400000| Untracked 
|  43|0x000000060d800000, 0x000000060dc00000, 0x000000060dc00000|100%| O|  |TAMS 0x000000060dc00000, 0x000000060d800000| Untracked 
|  44|0x000000060dc00000, 0x000000060e000000, 0x000000060e000000|100%| O|  |TAMS 0x000000060e000000, 0x000000060dc00000| Untracked 
|  45|0x000000060e000000, 0x000000060e400000, 0x000000060e400000|100%| O|  |TAMS 0x000000060e400000, 0x000000060e000000| Untracked 
|  46|0x000000060e400000, 0x000000060e800000, 0x000000060e800000|100%| O|  |TAMS 0x000000060e800000, 0x000000060e400000| Untracked 
|  47|0x000000060e800000, 0x000000060ec00000, 0x000000060ec00000|100%| O|  |TAMS 0x000000060ec00000, 0x000000060e800000| Untracked 
|  48|0x000000060ec00000, 0x000000060f000000, 0x000000060f000000|100%| O|  |TAMS 0x000000060f000000, 0x000000060ec00000| Untracked 
|  49|0x000000060f000000, 0x000000060f400000, 0x000000060f400000|100%| O|  |TAMS 0x000000060f400000, 0x000000060f000000| Untracked 
|  50|0x000000060f400000, 0x000000060f800000, 0x000000060f800000|100%| O|  |TAMS 0x000000060f800000, 0x000000060f400000| Untracked 
|  51|0x000000060f800000, 0x000000060fc00000, 0x000000060fc00000|100%| O|  |TAMS 0x000000060fc00000, 0x000000060f800000| Untracked 
|  52|0x000000060fc00000, 0x0000000610000000, 0x0000000610000000|100%| O|  |TAMS 0x0000000610000000, 0x000000060fc00000| Untracked 
|  53|0x0000000610000000, 0x0000000610400000, 0x0000000610400000|100%| O|  |TAMS 0x0000000610400000, 0x0000000610000000| Untracked 
|  54|0x0000000610400000, 0x0000000610800000, 0x0000000610800000|100%| O|  |TAMS 0x0000000610800000, 0x0000000610400000| Untracked 
|  55|0x0000000610800000, 0x0000000610c00000, 0x0000000610c00000|100%| O|  |TAMS 0x0000000610c00000, 0x0000000610800000| Untracked 
|  56|0x0000000610c00000, 0x0000000611000000, 0x0000000611000000|100%| O|  |TAMS 0x0000000611000000, 0x0000000610c00000| Untracked 
|  57|0x0000000611000000, 0x0000000611400000, 0x0000000611400000|100%| O|  |TAMS 0x0000000611400000, 0x0000000611000000| Untracked 
|  58|0x0000000611400000, 0x0000000611800000, 0x0000000611800000|100%| O|  |TAMS 0x0000000611800000, 0x0000000611400000| Untracked 
|  59|0x0000000611800000, 0x0000000611c00000, 0x0000000611c00000|100%| O|  |TAMS 0x0000000611c00000, 0x0000000611800000| Untracked 
|  60|0x0000000611c00000, 0x0000000612000000, 0x0000000612000000|100%| O|  |TAMS 0x0000000612000000, 0x0000000611c00000| Untracked 
|  61|0x0000000612000000, 0x0000000612400000, 0x0000000612400000|100%| O|  |TAMS 0x0000000612400000, 0x0000000612000000| Untracked 
|  62|0x0000000612400000, 0x0000000612800000, 0x0000000612800000|100%| O|  |TAMS 0x0000000612800000, 0x0000000612400000| Untracked 
|  63|0x0000000612800000, 0x0000000612c00000, 0x0000000612c00000|100%| O|  |TAMS 0x0000000612c00000, 0x0000000612800000| Untracked 
|  64|0x0000000612c00000, 0x0000000613000000, 0x0000000613000000|100%| O|  |TAMS 0x0000000613000000, 0x0000000612c00000| Untracked 
|  65|0x0000000613000000, 0x0000000613400000, 0x0000000613400000|100%| O|  |TAMS 0x0000000613400000, 0x0000000613000000| Untracked 
|  66|0x0000000613400000, 0x0000000613800000, 0x0000000613800000|100%| O|  |TAMS 0x0000000613800000, 0x0000000613400000| Untracked 
|  67|0x0000000613800000, 0x0000000613c00000, 0x0000000613c00000|100%| O|  |TAMS 0x0000000613c00000, 0x0000000613800000| Untracked 
|  68|0x0000000613c00000, 0x0000000614000000, 0x0000000614000000|100%| O|  |TAMS 0x0000000614000000, 0x0000000613c00000| Untracked 
|  69|0x0000000614000000, 0x0000000614400000, 0x0000000614400000|100%| O|  |TAMS 0x0000000614400000, 0x0000000614000000| Untracked 
|  70|0x0000000614400000, 0x0000000614800000, 0x0000000614800000|100%| O|  |TAMS 0x0000000614800000, 0x0000000614400000| Untracked 
|  71|0x0000000614800000, 0x0000000614c00000, 0x0000000614c00000|100%| O|  |TAMS 0x0000000614c00000, 0x0000000614800000| Untracked 
|  72|0x0000000614c00000, 0x0000000615000000, 0x0000000615000000|100%| O|  |TAMS 0x0000000615000000, 0x0000000614c00000| Untracked 
|  73|0x0000000615000000, 0x0000000615400000, 0x0000000615400000|100%| O|  |TAMS 0x0000000615400000, 0x0000000615000000| Untracked 
|  74|0x0000000615400000, 0x0000000615800000, 0x0000000615800000|100%| O|  |TAMS 0x0000000615800000, 0x0000000615400000| Untracked 
|  75|0x0000000615800000, 0x0000000615c00000, 0x0000000615c00000|100%| O|  |TAMS 0x0000000615c00000, 0x0000000615800000| Untracked 
|  76|0x0000000615c00000, 0x0000000616000000, 0x0000000616000000|100%| O|  |TAMS 0x0000000616000000, 0x0000000615c00000| Untracked 
|  77|0x0000000616000000, 0x0000000616400000, 0x0000000616400000|100%| O|  |TAMS 0x0000000616400000, 0x0000000616000000| Untracked 
|  78|0x0000000616400000, 0x0000000616800000, 0x0000000616800000|100%| O|  |TAMS 0x0000000616800000, 0x0000000616400000| Untracked 
|  79|0x0000000616800000, 0x0000000616c00000, 0x0000000616c00000|100%| O|  |TAMS 0x0000000616c00000, 0x0000000616800000| Untracked 
|  80|0x0000000616c00000, 0x0000000617000000, 0x0000000617000000|100%| O|  |TAMS 0x0000000617000000, 0x0000000616c00000| Untracked 
|  81|0x0000000617000000, 0x0000000617400000, 0x0000000617400000|100%| O|  |TAMS 0x0000000617400000, 0x0000000617000000| Untracked 
|  82|0x0000000617400000, 0x0000000617800000, 0x0000000617800000|100%| O|  |TAMS 0x0000000617800000, 0x0000000617400000| Untracked 
|  83|0x0000000617800000, 0x0000000617c00000, 0x0000000617c00000|100%| O|  |TAMS 0x0000000617c00000, 0x0000000617800000| Untracked 
|  84|0x0000000617c00000, 0x0000000618000000, 0x0000000618000000|100%| O|  |TAMS 0x0000000618000000, 0x0000000617c00000| Untracked 
|  85|0x0000000618000000, 0x0000000618400000, 0x0000000618400000|100%| O|  |TAMS 0x0000000618400000, 0x0000000618000000| Untracked 
|  86|0x0000000618400000, 0x0000000618800000, 0x0000000618800000|100%| O|  |TAMS 0x0000000618800000, 0x0000000618400000| Untracked 
|  87|0x0000000618800000, 0x0000000618c00000, 0x0000000618c00000|100%| O|  |TAMS 0x0000000618c00000, 0x0000000618800000| Untracked 
|  88|0x0000000618c00000, 0x0000000619000000, 0x0000000619000000|100%| O|  |TAMS 0x0000000619000000, 0x0000000618c00000| Untracked 
|  89|0x0000000619000000, 0x0000000619400000, 0x0000000619400000|100%| O|  |TAMS 0x0000000619400000, 0x0000000619000000| Untracked 
|  90|0x0000000619400000, 0x0000000619800000, 0x0000000619800000|100%| O|  |TAMS 0x0000000619800000, 0x0000000619400000| Untracked 
|  91|0x0000000619800000, 0x0000000619c00000, 0x0000000619c00000|100%| O|  |TAMS 0x0000000619c00000, 0x0000000619800000| Untracked 
|  92|0x0000000619c00000, 0x000000061a000000, 0x000000061a000000|100%| O|  |TAMS 0x000000061a000000, 0x0000000619c00000| Untracked 
|  93|0x000000061a000000, 0x000000061a400000, 0x000000061a400000|100%| O|  |TAMS 0x000000061a400000, 0x000000061a000000| Untracked 
|  94|0x000000061a400000, 0x000000061a800000, 0x000000061a800000|100%| O|  |TAMS 0x000000061a800000, 0x000000061a400000| Untracked 
|  95|0x000000061a800000, 0x000000061ac00000, 0x000000061ac00000|100%| O|  |TAMS 0x000000061ac00000, 0x000000061a800000| Untracked 
|  96|0x000000061ac00000, 0x000000061b000000, 0x000000061b000000|100%| O|  |TAMS 0x000000061b000000, 0x000000061ac00000| Untracked 
|  97|0x000000061b000000, 0x000000061b400000, 0x000000061b400000|100%| O|  |TAMS 0x000000061b400000, 0x000000061b000000| Untracked 
|  98|0x000000061b400000, 0x000000061b800000, 0x000000061b800000|100%| O|  |TAMS 0x000000061b800000, 0x000000061b400000| Untracked 
|  99|0x000000061b800000, 0x000000061bc00000, 0x000000061bc00000|100%| O|  |TAMS 0x000000061bc00000, 0x000000061b800000| Untracked 
| 100|0x000000061bc00000, 0x000000061c000000, 0x000000061c000000|100%| O|  |TAMS 0x000000061c000000, 0x000000061bc00000| Untracked 
| 101|0x000000061c000000, 0x000000061c400000, 0x000000061c400000|100%| O|  |TAMS 0x000000061c400000, 0x000000061c000000| Untracked 
| 102|0x000000061c400000, 0x000000061c800000, 0x000000061c800000|100%| O|  |TAMS 0x000000061c800000, 0x000000061c400000| Untracked 
| 103|0x000000061c800000, 0x000000061cc00000, 0x000000061cc00000|100%| O|  |TAMS 0x000000061cc00000, 0x000000061c800000| Untracked 
| 104|0x000000061cc00000, 0x000000061d000000, 0x000000061d000000|100%| O|  |TAMS 0x000000061d000000, 0x000000061cc00000| Untracked 
| 105|0x000000061d000000, 0x000000061d400000, 0x000000061d400000|100%| O|  |TAMS 0x000000061d400000, 0x000000061d000000| Untracked 
| 106|0x000000061d400000, 0x000000061d800000, 0x000000061d800000|100%| O|  |TAMS 0x000000061d800000, 0x000000061d400000| Untracked 
| 107|0x000000061d800000, 0x000000061dc00000, 0x000000061dc00000|100%| O|  |TAMS 0x000000061dc00000, 0x000000061d800000| Untracked 
| 108|0x000000061dc00000, 0x000000061e000000, 0x000000061e000000|100%| O|  |TAMS 0x000000061e000000, 0x000000061dc00000| Untracked 
| 109|0x000000061e000000, 0x000000061e400000, 0x000000061e400000|100%| O|  |TAMS 0x000000061e400000, 0x000000061e000000| Untracked 
| 110|0x000000061e400000, 0x000000061e800000, 0x000000061e800000|100%| O|  |TAMS 0x000000061e800000, 0x000000061e400000| Untracked 
| 111|0x000000061e800000, 0x000000061ec00000, 0x000000061ec00000|100%| O|  |TAMS 0x000000061ec00000, 0x000000061e800000| Untracked 
| 112|0x000000061ec00000, 0x000000061f000000, 0x000000061f000000|100%| O|  |TAMS 0x000000061f000000, 0x000000061ec00000| Untracked 
| 113|0x000000061f000000, 0x000000061f400000, 0x000000061f400000|100%| O|  |TAMS 0x000000061f400000, 0x000000061f000000| Untracked 
| 114|0x000000061f400000, 0x000000061f800000, 0x000000061f800000|100%| O|  |TAMS 0x000000061f800000, 0x000000061f400000| Untracked 
| 115|0x000000061f800000, 0x000000061fc00000, 0x000000061fc00000|100%| O|  |TAMS 0x000000061fc00000, 0x000000061f800000| Untracked 
| 116|0x000000061fc00000, 0x0000000620000000, 0x0000000620000000|100%| O|  |TAMS 0x0000000620000000, 0x000000061fc00000| Untracked 
| 117|0x0000000620000000, 0x0000000620400000, 0x0000000620400000|100%| O|  |TAMS 0x0000000620400000, 0x0000000620000000| Untracked 
| 118|0x0000000620400000, 0x0000000620800000, 0x0000000620800000|100%| O|  |TAMS 0x0000000620800000, 0x0000000620400000| Untracked 
| 119|0x0000000620800000, 0x0000000620c00000, 0x0000000620c00000|100%| O|  |TAMS 0x0000000620c00000, 0x0000000620800000| Untracked 
| 120|0x0000000620c00000, 0x0000000621000000, 0x0000000621000000|100%| O|  |TAMS 0x0000000621000000, 0x0000000620c00000| Untracked 
| 121|0x0000000621000000, 0x0000000621400000, 0x0000000621400000|100%| O|  |TAMS 0x0000000621400000, 0x0000000621000000| Untracked 
| 122|0x0000000621400000, 0x0000000621800000, 0x0000000621800000|100%| O|  |TAMS 0x0000000621800000, 0x0000000621400000| Untracked 
| 123|0x0000000621800000, 0x0000000621c00000, 0x0000000621c00000|100%| O|  |TAMS 0x0000000621c00000, 0x0000000621800000| Untracked 
| 124|0x0000000621c00000, 0x0000000622000000, 0x0000000622000000|100%| O|  |TAMS 0x0000000622000000, 0x0000000621c00000| Untracked 
| 125|0x0000000622000000, 0x0000000622400000, 0x0000000622400000|100%| O|  |TAMS 0x0000000622400000, 0x0000000622000000| Untracked 
| 126|0x0000000622400000, 0x0000000622800000, 0x0000000622800000|100%| O|  |TAMS 0x0000000622800000, 0x0000000622400000| Untracked 
| 127|0x0000000622800000, 0x0000000622c00000, 0x0000000622c00000|100%| O|  |TAMS 0x0000000622c00000, 0x0000000622800000| Untracked 
| 128|0x0000000622c00000, 0x0000000623000000, 0x0000000623000000|100%| O|  |TAMS 0x0000000623000000, 0x0000000622c00000| Untracked 
| 129|0x0000000623000000, 0x0000000623400000, 0x0000000623400000|100%| O|  |TAMS 0x0000000623400000, 0x0000000623000000| Untracked 
| 130|0x0000000623400000, 0x0000000623800000, 0x0000000623800000|100%| O|  |TAMS 0x0000000623800000, 0x0000000623400000| Untracked 
| 131|0x0000000623800000, 0x0000000623c00000, 0x0000000623c00000|100%| O|  |TAMS 0x0000000623c00000, 0x0000000623800000| Untracked 
| 132|0x0000000623c00000, 0x0000000624000000, 0x0000000624000000|100%| O|  |TAMS 0x0000000624000000, 0x0000000623c00000| Untracked 
| 133|0x0000000624000000, 0x0000000624400000, 0x0000000624400000|100%| O|  |TAMS 0x0000000624400000, 0x0000000624000000| Untracked 
| 134|0x0000000624400000, 0x0000000624800000, 0x0000000624800000|100%| O|  |TAMS 0x0000000624800000, 0x0000000624400000| Untracked 
| 135|0x0000000624800000, 0x0000000624c00000, 0x0000000624c00000|100%| O|  |TAMS 0x0000000624c00000, 0x0000000624800000| Untracked 
| 136|0x0000000624c00000, 0x0000000625000000, 0x0000000625000000|100%| O|  |TAMS 0x0000000625000000, 0x0000000624c00000| Untracked 
| 137|0x0000000625000000, 0x0000000625400000, 0x0000000625400000|100%| O|  |TAMS 0x0000000625400000, 0x0000000625000000| Untracked 
| 138|0x0000000625400000, 0x0000000625800000, 0x0000000625800000|100%| O|  |TAMS 0x0000000625800000, 0x0000000625400000| Untracked 
| 139|0x0000000625800000, 0x0000000625c00000, 0x0000000625c00000|100%| O|  |TAMS 0x0000000625c00000, 0x0000000625800000| Untracked 
| 140|0x0000000625c00000, 0x0000000626000000, 0x0000000626000000|100%| O|  |TAMS 0x0000000626000000, 0x0000000625c00000| Untracked 
| 141|0x0000000626000000, 0x0000000626400000, 0x0000000626400000|100%| O|  |TAMS 0x0000000626400000, 0x0000000626000000| Untracked 
| 142|0x0000000626400000, 0x0000000626800000, 0x0000000626800000|100%| O|  |TAMS 0x0000000626800000, 0x0000000626400000| Untracked 
| 143|0x0000000626800000, 0x0000000626c00000, 0x0000000626c00000|100%| O|  |TAMS 0x0000000626c00000, 0x0000000626800000| Untracked 
| 144|0x0000000626c00000, 0x0000000627000000, 0x0000000627000000|100%| O|  |TAMS 0x0000000627000000, 0x0000000626c00000| Untracked 
| 145|0x0000000627000000, 0x0000000627400000, 0x0000000627400000|100%| O|  |TAMS 0x0000000627400000, 0x0000000627000000| Untracked 
| 146|0x0000000627400000, 0x0000000627800000, 0x0000000627800000|100%| O|  |TAMS 0x0000000627800000, 0x0000000627400000| Untracked 
| 147|0x0000000627800000, 0x0000000627c00000, 0x0000000627c00000|100%| O|  |TAMS 0x0000000627c00000, 0x0000000627800000| Untracked 
| 148|0x0000000627c00000, 0x0000000628000000, 0x0000000628000000|100%| O|  |TAMS 0x0000000628000000, 0x0000000627c00000| Untracked 
| 149|0x0000000628000000, 0x0000000628400000, 0x0000000628400000|100%| O|  |TAMS 0x0000000628400000, 0x0000000628000000| Untracked 
| 150|0x0000000628400000, 0x0000000628800000, 0x0000000628800000|100%| O|  |TAMS 0x0000000628800000, 0x0000000628400000| Untracked 
| 151|0x0000000628800000, 0x0000000628c00000, 0x0000000628c00000|100%| O|  |TAMS 0x0000000628c00000, 0x0000000628800000| Untracked 
| 152|0x0000000628c00000, 0x0000000629000000, 0x0000000629000000|100%| O|  |TAMS 0x0000000629000000, 0x0000000628c00000| Untracked 
| 153|0x0000000629000000, 0x0000000629400000, 0x0000000629400000|100%| O|  |TAMS 0x0000000629400000, 0x0000000629000000| Untracked 
| 154|0x0000000629400000, 0x0000000629800000, 0x0000000629800000|100%| O|  |TAMS 0x0000000629800000, 0x0000000629400000| Untracked 
| 155|0x0000000629800000, 0x0000000629c00000, 0x0000000629c00000|100%| O|  |TAMS 0x0000000629c00000, 0x0000000629800000| Untracked 
| 156|0x0000000629c00000, 0x000000062a000000, 0x000000062a000000|100%| O|  |TAMS 0x000000062a000000, 0x0000000629c00000| Untracked 
| 157|0x000000062a000000, 0x000000062a400000, 0x000000062a400000|100%| O|  |TAMS 0x000000062a400000, 0x000000062a000000| Untracked 
| 158|0x000000062a400000, 0x000000062a800000, 0x000000062a800000|100%| O|  |TAMS 0x000000062a800000, 0x000000062a400000| Untracked 
| 159|0x000000062a800000, 0x000000062ac00000, 0x000000062ac00000|100%| O|  |TAMS 0x000000062ac00000, 0x000000062a800000| Untracked 
| 160|0x000000062ac00000, 0x000000062b000000, 0x000000062b000000|100%| O|  |TAMS 0x000000062b000000, 0x000000062ac00000| Untracked 
| 161|0x000000062b000000, 0x000000062b400000, 0x000000062b400000|100%| O|  |TAMS 0x000000062b400000, 0x000000062b000000| Untracked 
| 162|0x000000062b400000, 0x000000062b800000, 0x000000062b800000|100%| O|  |TAMS 0x000000062b800000, 0x000000062b400000| Untracked 
| 163|0x000000062b800000, 0x000000062bc00000, 0x000000062bc00000|100%| O|  |TAMS 0x000000062bc00000, 0x000000062b800000| Untracked 
| 164|0x000000062bc00000, 0x000000062c000000, 0x000000062c000000|100%| O|  |TAMS 0x000000062c000000, 0x000000062bc00000| Untracked 
| 165|0x000000062c000000, 0x000000062c400000, 0x000000062c400000|100%| O|  |TAMS 0x000000062c400000, 0x000000062c000000| Untracked 
| 166|0x000000062c400000, 0x000000062c800000, 0x000000062c800000|100%| O|  |TAMS 0x000000062c800000, 0x000000062c400000| Untracked 
| 167|0x000000062c800000, 0x000000062cc00000, 0x000000062cc00000|100%| O|  |TAMS 0x000000062cc00000, 0x000000062c800000| Untracked 
| 168|0x000000062cc00000, 0x000000062d000000, 0x000000062d000000|100%| O|  |TAMS 0x000000062d000000, 0x000000062cc00000| Untracked 
| 169|0x000000062d000000, 0x000000062d400000, 0x000000062d400000|100%| O|  |TAMS 0x000000062d400000, 0x000000062d000000| Untracked 
| 170|0x000000062d400000, 0x000000062d800000, 0x000000062d800000|100%| O|  |TAMS 0x000000062d800000, 0x000000062d400000| Untracked 
| 171|0x000000062d800000, 0x000000062dc00000, 0x000000062dc00000|100%| O|  |TAMS 0x000000062dc00000, 0x000000062d800000| Untracked 
| 172|0x000000062dc00000, 0x000000062e000000, 0x000000062e000000|100%| O|  |TAMS 0x000000062e000000, 0x000000062dc00000| Untracked 
| 173|0x000000062e000000, 0x000000062e400000, 0x000000062e400000|100%| O|  |TAMS 0x000000062e400000, 0x000000062e000000| Untracked 
| 174|0x000000062e400000, 0x000000062e800000, 0x000000062e800000|100%| O|  |TAMS 0x000000062e800000, 0x000000062e400000| Untracked 
| 175|0x000000062e800000, 0x000000062ec00000, 0x000000062ec00000|100%| O|  |TAMS 0x000000062ec00000, 0x000000062e800000| Untracked 
| 176|0x000000062ec00000, 0x000000062f000000, 0x000000062f000000|100%| O|  |TAMS 0x000000062f000000, 0x000000062ec00000| Untracked 
| 177|0x000000062f000000, 0x000000062f400000, 0x000000062f400000|100%| O|  |TAMS 0x000000062f400000, 0x000000062f000000| Untracked 
| 178|0x000000062f400000, 0x000000062f800000, 0x000000062f800000|100%| O|  |TAMS 0x000000062f800000, 0x000000062f400000| Untracked 
| 179|0x000000062f800000, 0x000000062fc00000, 0x000000062fc00000|100%| O|  |TAMS 0x000000062fc00000, 0x000000062f800000| Untracked 
| 180|0x000000062fc00000, 0x0000000630000000, 0x0000000630000000|100%| O|  |TAMS 0x0000000630000000, 0x000000062fc00000| Untracked 
| 181|0x0000000630000000, 0x0000000630400000, 0x0000000630400000|100%| O|  |TAMS 0x0000000630400000, 0x0000000630000000| Untracked 
| 182|0x0000000630400000, 0x0000000630800000, 0x0000000630800000|100%| O|  |TAMS 0x0000000630800000, 0x0000000630400000| Untracked 
| 183|0x0000000630800000, 0x0000000630c00000, 0x0000000630c00000|100%| O|  |TAMS 0x0000000630c00000, 0x0000000630800000| Untracked 
| 184|0x0000000630c00000, 0x0000000631000000, 0x0000000631000000|100%| O|  |TAMS 0x0000000631000000, 0x0000000630c00000| Untracked 
| 185|0x0000000631000000, 0x0000000631400000, 0x0000000631400000|100%| O|  |TAMS 0x0000000631400000, 0x0000000631000000| Untracked 
| 186|0x0000000631400000, 0x0000000631800000, 0x0000000631800000|100%| O|  |TAMS 0x0000000631800000, 0x0000000631400000| Untracked 
| 187|0x0000000631800000, 0x0000000631c00000, 0x0000000631c00000|100%| O|  |TAMS 0x0000000631c00000, 0x0000000631800000| Untracked 
| 188|0x0000000631c00000, 0x0000000632000000, 0x0000000632000000|100%| O|  |TAMS 0x0000000632000000, 0x0000000631c00000| Untracked 
| 189|0x0000000632000000, 0x0000000632400000, 0x0000000632400000|100%| O|  |TAMS 0x0000000632400000, 0x0000000632000000| Untracked 
| 190|0x0000000632400000, 0x0000000632800000, 0x0000000632800000|100%| O|  |TAMS 0x0000000632800000, 0x0000000632400000| Untracked 
| 191|0x0000000632800000, 0x0000000632c00000, 0x0000000632c00000|100%| O|  |TAMS 0x0000000632c00000, 0x0000000632800000| Complete 
| 192|0x0000000632c00000, 0x0000000633000000, 0x0000000633000000|100%| O|  |TAMS 0x0000000632cafe00, 0x0000000632c00000| Untracked 
| 193|0x0000000633000000, 0x0000000633400000, 0x0000000633400000|100%| O|  |TAMS 0x0000000633000000, 0x0000000633000000| Untracked 
| 194|0x0000000633400000, 0x0000000633800000, 0x0000000633800000|100%| O|  |TAMS 0x0000000633400000, 0x0000000633400000| Untracked 
| 195|0x0000000633800000, 0x0000000633ade600, 0x0000000633c00000| 71%| O|  |TAMS 0x0000000633800000, 0x0000000633800000| Untracked 
| 196|0x0000000633c00000, 0x0000000633c00000, 0x0000000634000000|  0%| F|  |TAMS 0x0000000633c00000, 0x0000000633c00000| Untracked 
| 197|0x0000000634000000, 0x0000000634000000, 0x0000000634400000|  0%| F|  |TAMS 0x0000000634000000, 0x0000000634000000| Untracked 
| 198|0x0000000634400000, 0x0000000634400000, 0x0000000634800000|  0%| F|  |TAMS 0x0000000634400000, 0x0000000634400000| Untracked 
| 199|0x0000000634800000, 0x0000000634800000, 0x0000000634c00000|  0%| F|  |TAMS 0x0000000634800000, 0x0000000634800000| Untracked 
| 200|0x0000000634c00000, 0x0000000634c00000, 0x0000000635000000|  0%| F|  |TAMS 0x0000000634c00000, 0x0000000634c00000| Untracked 
| 201|0x0000000635000000, 0x0000000635000000, 0x0000000635400000|  0%| F|  |TAMS 0x0000000635000000, 0x0000000635000000| Untracked 
| 202|0x0000000635400000, 0x0000000635400000, 0x0000000635800000|  0%| F|  |TAMS 0x0000000635400000, 0x0000000635400000| Untracked 
| 203|0x0000000635800000, 0x0000000635800000, 0x0000000635c00000|  0%| F|  |TAMS 0x0000000635800000, 0x0000000635800000| Untracked 
| 204|0x0000000635c00000, 0x0000000635c00000, 0x0000000636000000|  0%| F|  |TAMS 0x0000000635c00000, 0x0000000635c00000| Untracked 
| 205|0x0000000636000000, 0x0000000636000000, 0x0000000636400000|  0%| F|  |TAMS 0x0000000636000000, 0x0000000636000000| Untracked 
| 206|0x0000000636400000, 0x0000000636400000, 0x0000000636800000|  0%| F|  |TAMS 0x0000000636400000, 0x0000000636400000| Untracked 
| 207|0x0000000636800000, 0x0000000636800000, 0x0000000636c00000|  0%| F|  |TAMS 0x0000000636800000, 0x0000000636800000| Untracked 
| 208|0x0000000636c00000, 0x0000000636c00000, 0x0000000637000000|  0%| F|  |TAMS 0x0000000636c00000, 0x0000000636c00000| Untracked 
| 209|0x0000000637000000, 0x0000000637000000, 0x0000000637400000|  0%| F|  |TAMS 0x0000000637000000, 0x0000000637000000| Untracked 
| 210|0x0000000637400000, 0x0000000637400000, 0x0000000637800000|  0%| F|  |TAMS 0x0000000637400000, 0x0000000637400000| Untracked 
| 211|0x0000000637800000, 0x0000000637800000, 0x0000000637c00000|  0%| F|  |TAMS 0x0000000637800000, 0x0000000637800000| Untracked 
| 212|0x0000000637c00000, 0x0000000637c00000, 0x0000000638000000|  0%| F|  |TAMS 0x0000000637c00000, 0x0000000637c00000| Untracked 
| 213|0x0000000638000000, 0x0000000638000000, 0x0000000638400000|  0%| F|  |TAMS 0x0000000638000000, 0x0000000638000000| Untracked 
| 214|0x0000000638400000, 0x0000000638400000, 0x0000000638800000|  0%| F|  |TAMS 0x0000000638400000, 0x0000000638400000| Untracked 
| 215|0x0000000638800000, 0x0000000638800000, 0x0000000638c00000|  0%| F|  |TAMS 0x0000000638800000, 0x0000000638800000| Untracked 
| 216|0x0000000638c00000, 0x0000000638c00000, 0x0000000639000000|  0%| F|  |TAMS 0x0000000638c00000, 0x0000000638c00000| Untracked 
| 217|0x0000000639000000, 0x0000000639000000, 0x0000000639400000|  0%| F|  |TAMS 0x0000000639000000, 0x0000000639000000| Untracked 
| 218|0x0000000639400000, 0x0000000639400000, 0x0000000639800000|  0%| F|  |TAMS 0x0000000639400000, 0x0000000639400000| Untracked 
| 219|0x0000000639800000, 0x0000000639800000, 0x0000000639c00000|  0%| F|  |TAMS 0x0000000639800000, 0x0000000639800000| Untracked 
| 220|0x0000000639c00000, 0x0000000639c00000, 0x000000063a000000|  0%| F|  |TAMS 0x0000000639c00000, 0x0000000639c00000| Untracked 
| 221|0x000000063a000000, 0x000000063a000000, 0x000000063a400000|  0%| F|  |TAMS 0x000000063a000000, 0x000000063a000000| Untracked 
| 222|0x000000063a400000, 0x000000063a400000, 0x000000063a800000|  0%| F|  |TAMS 0x000000063a400000, 0x000000063a400000| Untracked 
| 223|0x000000063a800000, 0x000000063a800000, 0x000000063ac00000|  0%| F|  |TAMS 0x000000063a800000, 0x000000063a800000| Untracked 
| 224|0x000000063ac00000, 0x000000063ac00000, 0x000000063b000000|  0%| F|  |TAMS 0x000000063ac00000, 0x000000063ac00000| Untracked 
| 225|0x000000063b000000, 0x000000063b000000, 0x000000063b400000|  0%| F|  |TAMS 0x000000063b000000, 0x000000063b000000| Untracked 
| 226|0x000000063b400000, 0x000000063b400000, 0x000000063b800000|  0%| F|  |TAMS 0x000000063b400000, 0x000000063b400000| Untracked 
| 227|0x000000063b800000, 0x000000063b800000, 0x000000063bc00000|  0%| F|  |TAMS 0x000000063b800000, 0x000000063b800000| Untracked 
| 228|0x000000063bc00000, 0x000000063bc00000, 0x000000063c000000|  0%| F|  |TAMS 0x000000063bc00000, 0x000000063bc00000| Untracked 
| 229|0x000000063c000000, 0x000000063c000000, 0x000000063c400000|  0%| F|  |TAMS 0x000000063c000000, 0x000000063c000000| Untracked 
| 230|0x000000063c400000, 0x000000063c6ee3b0, 0x000000063c800000| 73%| S|CS|TAMS 0x000000063c400000, 0x000000063c400000| Complete 
| 231|0x000000063c800000, 0x000000063cc00000, 0x000000063cc00000|100%| S|CS|TAMS 0x000000063c800000, 0x000000063c800000| Complete 
| 232|0x000000063cc00000, 0x000000063d000000, 0x000000063d000000|100%| S|CS|TAMS 0x000000063cc00000, 0x000000063cc00000| Complete 
| 233|0x000000063d000000, 0x000000063d000000, 0x000000063d400000|  0%| F|  |TAMS 0x000000063d000000, 0x000000063d000000| Untracked 
| 234|0x000000063d400000, 0x000000063d400000, 0x000000063d800000|  0%| F|  |TAMS 0x000000063d400000, 0x000000063d400000| Untracked 
| 235|0x000000063d800000, 0x000000063dc00000, 0x000000063dc00000|100%| S|CS|TAMS 0x000000063d800000, 0x000000063d800000| Complete 
| 236|0x000000063dc00000, 0x000000063e000000, 0x000000063e000000|100%| S|CS|TAMS 0x000000063dc00000, 0x000000063dc00000| Complete 
| 237|0x000000063e000000, 0x000000063e400000, 0x000000063e400000|100%| S|CS|TAMS 0x000000063e000000, 0x000000063e000000| Complete 
| 238|0x000000063e400000, 0x000000063e800000, 0x000000063e800000|100%| S|CS|TAMS 0x000000063e400000, 0x000000063e400000| Complete 
| 239|0x000000063e800000, 0x000000063e800000, 0x000000063ec00000|  0%| F|  |TAMS 0x000000063e800000, 0x000000063e800000| Untracked 
| 240|0x000000063ec00000, 0x000000063ec00000, 0x000000063f000000|  0%| F|  |TAMS 0x000000063ec00000, 0x000000063ec00000| Untracked 
| 241|0x000000063f000000, 0x000000063f000000, 0x000000063f400000|  0%| F|  |TAMS 0x000000063f000000, 0x000000063f000000| Untracked 
| 242|0x000000063f400000, 0x000000063f400000, 0x000000063f800000|  0%| F|  |TAMS 0x000000063f400000, 0x000000063f400000| Untracked 
| 243|0x000000063f800000, 0x000000063f800000, 0x000000063fc00000|  0%| F|  |TAMS 0x000000063f800000, 0x000000063f800000| Untracked 
| 244|0x000000063fc00000, 0x000000063fc00000, 0x0000000640000000|  0%| F|  |TAMS 0x000000063fc00000, 0x000000063fc00000| Untracked 
| 245|0x0000000640000000, 0x0000000640000000, 0x0000000640400000|  0%| F|  |TAMS 0x0000000640000000, 0x0000000640000000| Untracked 
| 246|0x0000000640400000, 0x0000000640400000, 0x0000000640800000|  0%| F|  |TAMS 0x0000000640400000, 0x0000000640400000| Untracked 
| 247|0x0000000640800000, 0x0000000640800000, 0x0000000640c00000|  0%| F|  |TAMS 0x0000000640800000, 0x0000000640800000| Untracked 
| 248|0x0000000640c00000, 0x0000000640c00000, 0x0000000641000000|  0%| F|  |TAMS 0x0000000640c00000, 0x0000000640c00000| Untracked 
| 249|0x0000000641000000, 0x0000000641000000, 0x0000000641400000|  0%| F|  |TAMS 0x0000000641000000, 0x0000000641000000| Untracked 
| 250|0x0000000641400000, 0x0000000641400000, 0x0000000641800000|  0%| F|  |TAMS 0x0000000641400000, 0x0000000641400000| Untracked 
| 251|0x0000000641800000, 0x0000000641800000, 0x0000000641c00000|  0%| F|  |TAMS 0x0000000641800000, 0x0000000641800000| Untracked 
| 252|0x0000000641c00000, 0x0000000641c00000, 0x0000000642000000|  0%| F|  |TAMS 0x0000000641c00000, 0x0000000641c00000| Untracked 
| 253|0x0000000642000000, 0x0000000642000000, 0x0000000642400000|  0%| F|  |TAMS 0x0000000642000000, 0x0000000642000000| Untracked 
| 254|0x0000000642400000, 0x0000000642400000, 0x0000000642800000|  0%| F|  |TAMS 0x0000000642400000, 0x0000000642400000| Untracked 
| 255|0x0000000642800000, 0x0000000642800000, 0x0000000642c00000|  0%| F|  |TAMS 0x0000000642800000, 0x0000000642800000| Untracked 
| 256|0x0000000642c00000, 0x0000000642c00000, 0x0000000643000000|  0%| F|  |TAMS 0x0000000642c00000, 0x0000000642c00000| Untracked 
| 257|0x0000000643000000, 0x0000000643000000, 0x0000000643400000|  0%| F|  |TAMS 0x0000000643000000, 0x0000000643000000| Untracked 
| 258|0x0000000643400000, 0x0000000643400000, 0x0000000643800000|  0%| F|  |TAMS 0x0000000643400000, 0x0000000643400000| Untracked 
| 259|0x0000000643800000, 0x0000000643800000, 0x0000000643c00000|  0%| F|  |TAMS 0x0000000643800000, 0x0000000643800000| Untracked 
| 260|0x0000000643c00000, 0x0000000643c00000, 0x0000000644000000|  0%| F|  |TAMS 0x0000000643c00000, 0x0000000643c00000| Untracked 
| 261|0x0000000644000000, 0x0000000644000000, 0x0000000644400000|  0%| F|  |TAMS 0x0000000644000000, 0x0000000644000000| Untracked 
| 262|0x0000000644400000, 0x0000000644400000, 0x0000000644800000|  0%| F|  |TAMS 0x0000000644400000, 0x0000000644400000| Untracked 
| 263|0x0000000644800000, 0x0000000644800000, 0x0000000644c00000|  0%| F|  |TAMS 0x0000000644800000, 0x0000000644800000| Untracked 
| 264|0x0000000644c00000, 0x0000000644c00000, 0x0000000645000000|  0%| F|  |TAMS 0x0000000644c00000, 0x0000000644c00000| Untracked 
| 265|0x0000000645000000, 0x0000000645000000, 0x0000000645400000|  0%| F|  |TAMS 0x0000000645000000, 0x0000000645000000| Untracked 
| 266|0x0000000645400000, 0x0000000645400000, 0x0000000645800000|  0%| F|  |TAMS 0x0000000645400000, 0x0000000645400000| Untracked 
| 267|0x0000000645800000, 0x0000000645800000, 0x0000000645c00000|  0%| F|  |TAMS 0x0000000645800000, 0x0000000645800000| Untracked 
| 268|0x0000000645c00000, 0x0000000645c00000, 0x0000000646000000|  0%| F|  |TAMS 0x0000000645c00000, 0x0000000645c00000| Untracked 
| 269|0x0000000646000000, 0x0000000646000000, 0x0000000646400000|  0%| F|  |TAMS 0x0000000646000000, 0x0000000646000000| Untracked 
| 270|0x0000000646400000, 0x0000000646400000, 0x0000000646800000|  0%| F|  |TAMS 0x0000000646400000, 0x0000000646400000| Untracked 
| 271|0x0000000646800000, 0x0000000646800000, 0x0000000646c00000|  0%| F|  |TAMS 0x0000000646800000, 0x0000000646800000| Untracked 
| 272|0x0000000646c00000, 0x0000000646c00000, 0x0000000647000000|  0%| F|  |TAMS 0x0000000646c00000, 0x0000000646c00000| Untracked 
| 273|0x0000000647000000, 0x0000000647000000, 0x0000000647400000|  0%| F|  |TAMS 0x0000000647000000, 0x0000000647000000| Untracked 
| 274|0x0000000647400000, 0x0000000647400000, 0x0000000647800000|  0%| F|  |TAMS 0x0000000647400000, 0x0000000647400000| Untracked 
| 275|0x0000000647800000, 0x0000000647800000, 0x0000000647c00000|  0%| F|  |TAMS 0x0000000647800000, 0x0000000647800000| Untracked 
| 276|0x0000000647c00000, 0x0000000647c00000, 0x0000000648000000|  0%| F|  |TAMS 0x0000000647c00000, 0x0000000647c00000| Untracked 
| 277|0x0000000648000000, 0x0000000648000000, 0x0000000648400000|  0%| F|  |TAMS 0x0000000648000000, 0x0000000648000000| Untracked 
| 278|0x0000000648400000, 0x0000000648400000, 0x0000000648800000|  0%| F|  |TAMS 0x0000000648400000, 0x0000000648400000| Untracked 
| 279|0x0000000648800000, 0x0000000648800000, 0x0000000648c00000|  0%| F|  |TAMS 0x0000000648800000, 0x0000000648800000| Untracked 
| 280|0x0000000648c00000, 0x0000000648c00000, 0x0000000649000000|  0%| F|  |TAMS 0x0000000648c00000, 0x0000000648c00000| Untracked 
| 281|0x0000000649000000, 0x0000000649000000, 0x0000000649400000|  0%| F|  |TAMS 0x0000000649000000, 0x0000000649000000| Untracked 
| 282|0x0000000649400000, 0x0000000649400000, 0x0000000649800000|  0%| F|  |TAMS 0x0000000649400000, 0x0000000649400000| Untracked 
| 283|0x0000000649800000, 0x0000000649800000, 0x0000000649c00000|  0%| F|  |TAMS 0x0000000649800000, 0x0000000649800000| Untracked 
| 284|0x0000000649c00000, 0x0000000649c00000, 0x000000064a000000|  0%| F|  |TAMS 0x0000000649c00000, 0x0000000649c00000| Untracked 
| 285|0x000000064a000000, 0x000000064a000000, 0x000000064a400000|  0%| F|  |TAMS 0x000000064a000000, 0x000000064a000000| Untracked 
| 286|0x000000064a400000, 0x000000064a400000, 0x000000064a800000|  0%| F|  |TAMS 0x000000064a400000, 0x000000064a400000| Untracked 
| 287|0x000000064a800000, 0x000000064a800000, 0x000000064ac00000|  0%| F|  |TAMS 0x000000064a800000, 0x000000064a800000| Untracked 
| 288|0x000000064ac00000, 0x000000064ac00000, 0x000000064b000000|  0%| F|  |TAMS 0x000000064ac00000, 0x000000064ac00000| Untracked 
| 289|0x000000064b000000, 0x000000064b000000, 0x000000064b400000|  0%| F|  |TAMS 0x000000064b000000, 0x000000064b000000| Untracked 
| 290|0x000000064b400000, 0x000000064b400000, 0x000000064b800000|  0%| F|  |TAMS 0x000000064b400000, 0x000000064b400000| Untracked 
| 291|0x000000064b800000, 0x000000064b800000, 0x000000064bc00000|  0%| F|  |TAMS 0x000000064b800000, 0x000000064b800000| Untracked 
| 292|0x000000064bc00000, 0x000000064bc00000, 0x000000064c000000|  0%| F|  |TAMS 0x000000064bc00000, 0x000000064bc00000| Untracked 
| 293|0x000000064c000000, 0x000000064c400000, 0x000000064c400000|100%| E|CS|TAMS 0x000000064c000000, 0x000000064c000000| Complete 
| 294|0x000000064c400000, 0x000000064c800000, 0x000000064c800000|100%| E|CS|TAMS 0x000000064c400000, 0x000000064c400000| Complete 
| 295|0x000000064c800000, 0x000000064cc00000, 0x000000064cc00000|100%| E|CS|TAMS 0x000000064c800000, 0x000000064c800000| Complete 
| 296|0x000000064cc00000, 0x000000064d000000, 0x000000064d000000|100%| E|CS|TAMS 0x000000064cc00000, 0x000000064cc00000| Complete 
| 297|0x000000064d000000, 0x000000064d000000, 0x000000064d400000|  0%| F|  |TAMS 0x000000064d000000, 0x000000064d000000| Untracked 
| 298|0x000000064d400000, 0x000000064d400000, 0x000000064d800000|  0%| F|  |TAMS 0x000000064d400000, 0x000000064d400000| Untracked 
| 299|0x000000064d800000, 0x000000064d800000, 0x000000064dc00000|  0%| F|  |TAMS 0x000000064d800000, 0x000000064d800000| Untracked 
| 300|0x000000064dc00000, 0x000000064dc00000, 0x000000064e000000|  0%| F|  |TAMS 0x000000064dc00000, 0x000000064dc00000| Untracked 
| 301|0x000000064e000000, 0x000000064e000000, 0x000000064e400000|  0%| F|  |TAMS 0x000000064e000000, 0x000000064e000000| Untracked 
| 302|0x000000064e400000, 0x000000064e400000, 0x000000064e800000|  0%| F|  |TAMS 0x000000064e400000, 0x000000064e400000| Untracked 
| 303|0x000000064e800000, 0x000000064e800000, 0x000000064ec00000|  0%| F|  |TAMS 0x000000064e800000, 0x000000064e800000| Untracked 
| 304|0x000000064ec00000, 0x000000064ec00000, 0x000000064f000000|  0%| F|  |TAMS 0x000000064ec00000, 0x000000064ec00000| Untracked 
| 305|0x000000064f000000, 0x000000064f000000, 0x000000064f400000|  0%| F|  |TAMS 0x000000064f000000, 0x000000064f000000| Untracked 
| 306|0x000000064f400000, 0x000000064f400000, 0x000000064f800000|  0%| F|  |TAMS 0x000000064f400000, 0x000000064f400000| Untracked 
| 307|0x000000064f800000, 0x000000064f800000, 0x000000064fc00000|  0%| F|  |TAMS 0x000000064f800000, 0x000000064f800000| Untracked 
| 308|0x000000064fc00000, 0x000000064fc00000, 0x0000000650000000|  0%| F|  |TAMS 0x000000064fc00000, 0x000000064fc00000| Untracked 
| 309|0x0000000650000000, 0x0000000650000000, 0x0000000650400000|  0%| F|  |TAMS 0x0000000650000000, 0x0000000650000000| Untracked 
| 310|0x0000000650400000, 0x0000000650400000, 0x0000000650800000|  0%| F|  |TAMS 0x0000000650400000, 0x0000000650400000| Untracked 
| 311|0x0000000650800000, 0x0000000650800000, 0x0000000650c00000|  0%| F|  |TAMS 0x0000000650800000, 0x0000000650800000| Untracked 
| 312|0x0000000650c00000, 0x0000000650c00000, 0x0000000651000000|  0%| F|  |TAMS 0x0000000650c00000, 0x0000000650c00000| Untracked 
| 313|0x0000000651000000, 0x0000000651000000, 0x0000000651400000|  0%| F|  |TAMS 0x0000000651000000, 0x0000000651000000| Untracked 
| 314|0x0000000651400000, 0x0000000651400000, 0x0000000651800000|  0%| F|  |TAMS 0x0000000651400000, 0x0000000651400000| Untracked 
| 315|0x0000000651800000, 0x0000000651800000, 0x0000000651c00000|  0%| F|  |TAMS 0x0000000651800000, 0x0000000651800000| Untracked 
| 316|0x0000000651c00000, 0x0000000651c00000, 0x0000000652000000|  0%| F|  |TAMS 0x0000000651c00000, 0x0000000651c00000| Untracked 
| 317|0x0000000652000000, 0x0000000652000000, 0x0000000652400000|  0%| F|  |TAMS 0x0000000652000000, 0x0000000652000000| Untracked 
| 318|0x0000000652400000, 0x0000000652400000, 0x0000000652800000|  0%| F|  |TAMS 0x0000000652400000, 0x0000000652400000| Untracked 
| 319|0x0000000652800000, 0x0000000652800000, 0x0000000652c00000|  0%| F|  |TAMS 0x0000000652800000, 0x0000000652800000| Untracked 
| 320|0x0000000652c00000, 0x0000000652c00000, 0x0000000653000000|  0%| F|  |TAMS 0x0000000652c00000, 0x0000000652c00000| Untracked 
| 321|0x0000000653000000, 0x0000000653000000, 0x0000000653400000|  0%| F|  |TAMS 0x0000000653000000, 0x0000000653000000| Untracked 
| 322|0x0000000653400000, 0x0000000653400000, 0x0000000653800000|  0%| F|  |TAMS 0x0000000653400000, 0x0000000653400000| Untracked 
| 323|0x0000000653800000, 0x0000000653800000, 0x0000000653c00000|  0%| F|  |TAMS 0x0000000653800000, 0x0000000653800000| Untracked 
| 324|0x0000000653c00000, 0x0000000653c00000, 0x0000000654000000|  0%| F|  |TAMS 0x0000000653c00000, 0x0000000653c00000| Untracked 
| 325|0x0000000654000000, 0x0000000654000000, 0x0000000654400000|  0%| F|  |TAMS 0x0000000654000000, 0x0000000654000000| Untracked 
| 326|0x0000000654400000, 0x0000000654400000, 0x0000000654800000|  0%| F|  |TAMS 0x0000000654400000, 0x0000000654400000| Untracked 
| 327|0x0000000654800000, 0x0000000654800000, 0x0000000654c00000|  0%| F|  |TAMS 0x0000000654800000, 0x0000000654800000| Untracked 
| 328|0x0000000654c00000, 0x0000000654c00000, 0x0000000655000000|  0%| F|  |TAMS 0x0000000654c00000, 0x0000000654c00000| Untracked 
| 329|0x0000000655000000, 0x0000000655000000, 0x0000000655400000|  0%| F|  |TAMS 0x0000000655000000, 0x0000000655000000| Untracked 
| 330|0x0000000655400000, 0x0000000655400000, 0x0000000655800000|  0%| F|  |TAMS 0x0000000655400000, 0x0000000655400000| Untracked 
| 331|0x0000000655800000, 0x00000006558136f8, 0x0000000655c00000|  1%| E|  |TAMS 0x0000000655800000, 0x0000000655800000| Complete 
| 332|0x0000000655c00000, 0x0000000656000000, 0x0000000656000000|100%| E|CS|TAMS 0x0000000655c00000, 0x0000000655c00000| Complete 
| 333|0x0000000656000000, 0x0000000656400000, 0x0000000656400000|100%| E|CS|TAMS 0x0000000656000000, 0x0000000656000000| Complete 
| 334|0x0000000656400000, 0x0000000656800000, 0x0000000656800000|100%| E|CS|TAMS 0x0000000656400000, 0x0000000656400000| Complete 
| 335|0x0000000656800000, 0x0000000656c00000, 0x0000000656c00000|100%| E|CS|TAMS 0x0000000656800000, 0x0000000656800000| Complete 
| 336|0x0000000656c00000, 0x0000000657000000, 0x0000000657000000|100%| E|CS|TAMS 0x0000000656c00000, 0x0000000656c00000| Complete 
| 337|0x0000000657000000, 0x0000000657400000, 0x0000000657400000|100%| E|CS|TAMS 0x0000000657000000, 0x0000000657000000| Complete 
| 338|0x0000000657400000, 0x0000000657800000, 0x0000000657800000|100%| E|CS|TAMS 0x0000000657400000, 0x0000000657400000| Complete 
| 339|0x0000000657800000, 0x0000000657c00000, 0x0000000657c00000|100%| E|CS|TAMS 0x0000000657800000, 0x0000000657800000| Complete 
| 340|0x0000000657c00000, 0x0000000658000000, 0x0000000658000000|100%| E|CS|TAMS 0x0000000657c00000, 0x0000000657c00000| Complete 
| 341|0x0000000658000000, 0x0000000658400000, 0x0000000658400000|100%| E|CS|TAMS 0x0000000658000000, 0x0000000658000000| Complete 
| 342|0x0000000658400000, 0x0000000658800000, 0x0000000658800000|100%| E|CS|TAMS 0x0000000658400000, 0x0000000658400000| Complete 
| 343|0x0000000658800000, 0x0000000658c00000, 0x0000000658c00000|100%| E|CS|TAMS 0x0000000658800000, 0x0000000658800000| Complete 
| 344|0x0000000658c00000, 0x0000000659000000, 0x0000000659000000|100%| E|CS|TAMS 0x0000000658c00000, 0x0000000658c00000| Complete 

Card table byte_map: [0x00000222f09e0000,0x00000222f19d0000] _byte_map_base: 0x00000222ed9ca000

Marking Bits (Prev, Next): (CMBitMap*) 0x00000222d89cdbe0, (CMBitMap*) 0x00000222d89cdc20
 Prev Bits: [0x00000222f29c0000, 0x00000222fa910000)
 Next Bits: [0x0000022280000000, 0x0000022287f50000)

Polling page: 0x00000222d66b0000

Metaspace:

Usage:
  Non-class:     14.44 MB used.
      Class:      1.51 MB used.
       Both:     15.94 MB used.

Virtual space:
  Non-class space:       16.00 MB reserved,      14.50 MB ( 91%) committed,  2 nodes.
      Class space:        1.00 GB reserved,       1.62 MB ( <1%) committed,  1 nodes.
             Both:        1.02 GB reserved,      16.12 MB (  2%) committed. 

Chunk freelists:
   Non-Class:  576.00 KB
       Class:  2.36 MB
        Both:  2.92 MB

MaxMetaspaceSize: unlimited
CompressedClassSpaceSize: 1.00 GB
Initial GC threshold: 21.00 MB
Current GC threshold: 26.88 MB
CDS: on
MetaspaceReclaimPolicy: balanced
 - commit_granule_bytes: 65536.
 - commit_granule_words: 8192.
 - virtual_space_node_default_size: 1048576.
 - enlarge_chunks_in_place: 1.
 - new_chunks_are_fully_committed: 0.
 - uncommit_free_chunks: 1.
 - use_allocation_guard: 0.
 - handle_deallocations: 1.


Internal statistics:

num_allocs_failed_limit: 0.
num_arena_births: 96.
num_arena_deaths: 0.
num_vsnodes_births: 3.
num_vsnodes_deaths: 0.
num_space_committed: 256.
num_space_uncommitted: 0.
num_chunks_returned_to_freelist: 0.
num_chunks_taken_from_freelist: 556.
num_chunk_merges: 0.
num_chunk_splits: 427.
num_chunks_enlarged: 367.
num_purges: 0.
num_inconsistent_stats: 0.

CodeHeap 'non-profiled nmethods': size=119168Kb used=3072Kb max_used=3072Kb free=116095Kb
 bounds [0x00000222e7d10000, 0x00000222e8020000, 0x00000222ef170000]
CodeHeap 'profiled nmethods': size=119104Kb used=4895Kb max_used=7406Kb free=114209Kb
 bounds [0x00000222e08c0000, 0x00000222e1000000, 0x00000222e7d10000]
CodeHeap 'non-nmethods': size=7488Kb used=1640Kb max_used=3375Kb free=5847Kb
 bounds [0x00000222e0170000, 0x00000222e04c0000, 0x00000222e08c0000]
 total_blobs=4274 nmethods=3202 adapters=984
 compilation: enabled
              stopped_count=0, restarted_count=0
 full_count=0

Compilation events (20 events):
Event: 312.166 Thread 0x00000222fd9817e0 3933   !   4       io.netty.buffer.PooledByteBuf::setBytes (17 bytes)
Event: 312.170 Thread 0x00000222fd9817e0 nmethod 3933 0x00000222e7e89990 code [0x00000222e7e89ba0, 0x00000222e7e8a420]
Event: 312.170 Thread 0x00000222fd9817e0 3934       4       io.netty.buffer.PooledByteBuf::_internalNioBuffer (43 bytes)
Event: 312.171 Thread 0x00000222fd9817e0 nmethod 3934 0x00000222e7e89390 code [0x00000222e7e89520, 0x00000222e7e896f8]
Event: 341.715 Thread 0x00000222fd9891d0 3935   !   3       java.nio.DirectByteBuffer::<init> (148 bytes)
Event: 341.715 Thread 0x00000222fd9891d0 nmethod 3935 0x00000222e09a4490 code [0x00000222e09a4720, 0x00000222e09a54c8]
Event: 341.798 Thread 0x00000222fd9817e0 3936       4       jdk.internal.misc.Unsafe::allocateMemory (65 bytes)
Event: 341.799 Thread 0x00000222fd9817e0 nmethod 3936 0x00000222e7e88f10 code [0x00000222e7e890a0, 0x00000222e7e891e8]
Event: 341.799 Thread 0x00000222fd9817e0 3937       4       jdk.internal.misc.Unsafe::setMemory (10 bytes)
Event: 341.799 Thread 0x00000222fd9817e0 nmethod 3937 0x00000222e7e88b10 code [0x00000222e7e88ca0, 0x00000222e7e88da8]
Event: 341.840 Thread 0x00000222fd9817e0 3938       4       java.nio.DirectByteBuffer$Deallocator::<init> (41 bytes)
Event: 341.840 Thread 0x00000222fd9817e0 nmethod 3938 0x00000222e7e88810 code [0x00000222e7e88980, 0x00000222e7e889f8]
Event: 347.493 Thread 0x00000222fd9817e0 3939   !   4       java.nio.DirectByteBuffer::<init> (148 bytes)
Event: 347.499 Thread 0x00000222fd9817e0 nmethod 3939 0x00000222e7e87090 code [0x00000222e7e87280, 0x00000222e7e880c8]
Event: 353.694 Thread 0x00000222fd9817e0 3940 % !   4       com.badlogic.gdx.backends.lwjgl3.Lwjgl3Application::loop @ 8 (468 bytes)
Event: 353.713 Thread 0x00000222fd9817e0 nmethod 3940% 0x00000222e7e83a90 code [0x00000222e7e83d00, 0x00000222e7e85d30]
Event: 364.265 Thread 0x00000222fd9817e0 3941 % !   4       com.badlogic.gdx.backends.lwjgl3.Lwjgl3Application::loop @ 52 (468 bytes)
Event: 364.283 Thread 0x00000222fd9817e0 nmethod 3941% 0x00000222e800f690 code [0x00000222e800f900, 0x00000222e80118d0]
Event: 372.320 Thread 0x00000222fd9817e0 3942       4       java.util.concurrent.ConcurrentHashMap::put (8 bytes)
Event: 372.320 Thread 0x00000222fd9817e0 nmethod 3942 0x00000222e7e83790 code [0x00000222e7e83920, 0x00000222e7e839c8]

GC Heap History (20 events):
Event: 418.025 GC heap before
{Heap before GC invocations=84 (full 0):
 garbage-first heap   total 1073152K, used 929789K [0x0000000602c00000, 0x0000000800000000)
  region size 4096K, 64 young (262144K), 7 survivors (28672K)
 Metaspace       used 16326K, committed 16512K, reserved 1064960K
  class space    used 1541K, committed 1664K, reserved 1048576K
}
Event: 418.030 GC heap after
{Heap after GC invocations=85 (full 0):
 garbage-first heap   total 1073152K, used 709481K [0x0000000602c00000, 0x0000000800000000)
  region size 4096K, 7 young (28672K), 7 survivors (28672K)
 Metaspace       used 16326K, committed 16512K, reserved 1064960K
  class space    used 1541K, committed 1664K, reserved 1048576K
}
Event: 419.643 GC heap before
{Heap before GC invocations=86 (full 0):
 garbage-first heap   total 1216512K, used 918377K [0x0000000602c00000, 0x0000000800000000)
  region size 4096K, 58 young (237568K), 7 survivors (28672K)
 Metaspace       used 16326K, committed 16512K, reserved 1064960K
  class space    used 1541K, committed 1664K, reserved 1048576K
}
Event: 419.647 GC heap after
{Heap after GC invocations=87 (full 0):
 garbage-first heap   total 1216512K, used 720479K [0x0000000602c00000, 0x0000000800000000)
  region size 4096K, 7 young (28672K), 7 survivors (28672K)
 Metaspace       used 16326K, committed 16512K, reserved 1064960K
  class space    used 1541K, committed 1664K, reserved 1048576K
}
Event: 419.866 GC heap before
{Heap before GC invocations=87 (full 0):
 garbage-first heap   total 1216512K, used 745055K [0x0000000602c00000, 0x0000000800000000)
  region size 4096K, 14 young (57344K), 7 survivors (28672K)
 Metaspace       used 16326K, committed 16512K, reserved 1064960K
  class space    used 1541K, committed 1664K, reserved 1048576K
}
Event: 419.869 GC heap after
{Heap after GC invocations=88 (full 0):
 garbage-first heap   total 1216512K, used 721370K [0x0000000602c00000, 0x0000000800000000)
  region size 4096K, 1 young (4096K), 1 survivors (4096K)
 Metaspace       used 16326K, committed 16512K, reserved 1064960K
  class space    used 1541K, committed 1664K, reserved 1048576K
}
Event: 422.340 GC heap before
{Heap before GC invocations=88 (full 0):
 garbage-first heap   total 1216512K, used 1049050K [0x0000000602c00000, 0x0000000800000000)
  region size 4096K, 81 young (331776K), 1 survivors (4096K)
 Metaspace       used 16326K, committed 16512K, reserved 1064960K
  class space    used 1541K, committed 1664K, reserved 1048576K
}
Event: 422.343 GC heap after
{Heap after GC invocations=89 (full 0):
 garbage-first heap   total 1216512K, used 738477K [0x0000000602c00000, 0x0000000800000000)
  region size 4096K, 5 young (20480K), 5 survivors (20480K)
 Metaspace       used 16326K, committed 16512K, reserved 1064960K
  class space    used 1541K, committed 1664K, reserved 1048576K
}
Event: 424.691 GC heap before
{Heap before GC invocations=89 (full 0):
 garbage-first heap   total 1216512K, used 1049773K [0x0000000602c00000, 0x0000000800000000)
  region size 4096K, 81 young (331776K), 5 survivors (20480K)
 Metaspace       used 16326K, committed 16512K, reserved 1064960K
  class space    used 1541K, committed 1664K, reserved 1048576K
}
Event: 424.695 GC heap after
{Heap after GC invocations=90 (full 0):
 garbage-first heap   total 1216512K, used 756152K [0x0000000602c00000, 0x0000000800000000)
  region size 4096K, 10 young (40960K), 10 survivors (40960K)
 Metaspace       used 16326K, committed 16512K, reserved 1064960K
  class space    used 1541K, committed 1664K, reserved 1048576K
}
Event: 426.902 GC heap before
{Heap before GC invocations=90 (full 0):
 garbage-first heap   total 1216512K, used 1046968K [0x0000000602c00000, 0x0000000800000000)
  region size 4096K, 81 young (331776K), 10 survivors (40960K)
 Metaspace       used 16326K, committed 16512K, reserved 1064960K
  class space    used 1541K, committed 1664K, reserved 1048576K
}
Event: 426.908 GC heap after
{Heap after GC invocations=91 (full 0):
 garbage-first heap   total 1216512K, used 772177K [0x0000000602c00000, 0x0000000800000000)
  region size 4096K, 9 young (36864K), 9 survivors (36864K)
 Metaspace       used 16326K, committed 16512K, reserved 1064960K
  class space    used 1541K, committed 1664K, reserved 1048576K
}
Event: 429.043 GC heap before
{Heap before GC invocations=91 (full 0):
 garbage-first heap   total 1216512K, used 1050705K [0x0000000602c00000, 0x0000000800000000)
  region size 4096K, 77 young (315392K), 9 survivors (36864K)
 Metaspace       used 16326K, committed 16512K, reserved 1064960K
  class space    used 1541K, committed 1664K, reserved 1048576K
}
Event: 429.048 GC heap after
{Heap after GC invocations=92 (full 0):
 garbage-first heap   total 1216512K, used 788238K [0x0000000602c00000, 0x0000000800000000)
  region size 4096K, 9 young (36864K), 9 survivors (36864K)
 Metaspace       used 16326K, committed 16512K, reserved 1064960K
  class space    used 1541K, committed 1664K, reserved 1048576K
}
Event: 431.054 GC heap before
{Heap before GC invocations=92 (full 0):
 garbage-first heap   total 1216512K, used 1050382K [0x0000000602c00000, 0x0000000800000000)
  region size 4096K, 73 young (299008K), 9 survivors (36864K)
 Metaspace       used 16326K, committed 16512K, reserved 1064960K
  class space    used 1541K, committed 1664K, reserved 1048576K
}
Event: 431.058 GC heap after
{Heap after GC invocations=93 (full 0):
 garbage-first heap   total 1216512K, used 802750K [0x0000000602c00000, 0x0000000800000000)
  region size 4096K, 8 young (32768K), 8 survivors (32768K)
 Metaspace       used 16326K, committed 16512K, reserved 1064960K
  class space    used 1541K, committed 1664K, reserved 1048576K
}
Event: 433.027 GC heap before
{Heap before GC invocations=93 (full 0):
 garbage-first heap   total 1216512K, used 1056702K [0x0000000602c00000, 0x0000000800000000)
  region size 4096K, 70 young (286720K), 8 survivors (32768K)
 Metaspace       used 16326K, committed 16512K, reserved 1064960K
  class space    used 1541K, committed 1664K, reserved 1048576K
}
Event: 433.032 GC heap after
{Heap after GC invocations=94 (full 0):
 garbage-first heap   total 1216512K, used 817603K [0x0000000602c00000, 0x0000000800000000)
  region size 4096K, 8 young (32768K), 8 survivors (32768K)
 Metaspace       used 16326K, committed 16512K, reserved 1064960K
  class space    used 1541K, committed 1664K, reserved 1048576K
}
Event: 434.890 GC heap before
{Heap before GC invocations=94 (full 0):
 garbage-first heap   total 1216512K, used 1055171K [0x0000000602c00000, 0x0000000800000000)
  region size 4096K, 66 young (270336K), 8 survivors (32768K)
 Metaspace       used 16326K, committed 16512K, reserved 1064960K
  class space    used 1541K, committed 1664K, reserved 1048576K
}
Event: 434.895 GC heap after
{Heap after GC invocations=95 (full 0):
 garbage-first heap   total 1216512K, used 829234K [0x0000000602c00000, 0x0000000800000000)
  region size 4096K, 7 young (28672K), 7 survivors (28672K)
 Metaspace       used 16326K, committed 16512K, reserved 1064960K
  class space    used 1541K, committed 1664K, reserved 1048576K
}

Deoptimization events (20 events):
Event: 228.215 Thread 0x00000222fd967630 Uncommon trap: trap_request=0xffffff45 fr.pc=0x00000222e7e80390 relative=0x0000000000000550
Event: 228.215 Thread 0x00000222fd967630 Uncommon trap: reason=unstable_if action=reinterpret pc=0x00000222e7e80390 method=jdk.internal.ref.Cleaner.remove(Ljdk/internal/ref/Cleaner;)Z @ 14 c2
Event: 228.215 Thread 0x00000222fd967630 DEOPT PACKING pc=0x00000222e7e80390 sp=0x0000004e4bdff490
Event: 228.215 Thread 0x00000222fd967630 DEOPT UNPACKING pc=0x00000222e01c23a3 sp=0x0000004e4bdff3d8 mode 2
Event: 260.471 Thread 0x00000222fd967630 DEOPT PACKING pc=0x00000222e0ffb52d sp=0x0000004e4bdff4f0
Event: 260.471 Thread 0x00000222fd967630 DEOPT UNPACKING pc=0x00000222e01c2b43 sp=0x0000004e4bdfe990 mode 0
Event: 270.714 Thread 0x00000222886714f0 Uncommon trap: trap_request=0xffffff45 fr.pc=0x00000222e7f945e8 relative=0x0000000000002e48
Event: 270.714 Thread 0x00000222886714f0 Uncommon trap: reason=unstable_if action=reinterpret pc=0x00000222e7f945e8 method=io.netty.buffer.PoolThreadCache.allocate(Lio/netty/buffer/PoolThreadCache$MemoryRegionCache;Lio/netty/buffer/PooledByteBuf;I)Z @ 30 c2
Event: 270.714 Thread 0x00000222886714f0 DEOPT PACKING pc=0x00000222e7f945e8 sp=0x0000004e4dfff0a0
Event: 270.714 Thread 0x00000222886714f0 DEOPT UNPACKING pc=0x00000222e01c23a3 sp=0x0000004e4dffebd0 mode 2
Event: 271.043 Thread 0x00000222886714f0 Uncommon trap: trap_request=0xffffff45 fr.pc=0x00000222e7fc7cc8 relative=0x00000000000002a8
Event: 271.043 Thread 0x00000222886714f0 Uncommon trap: reason=unstable_if action=reinterpret pc=0x00000222e7fc7cc8 method=java.util.ArrayDeque.sub(III)I @ 5 c2
Event: 271.043 Thread 0x00000222886714f0 DEOPT PACKING pc=0x00000222e7fc7cc8 sp=0x0000004e4dffeb60
Event: 271.043 Thread 0x00000222886714f0 DEOPT UNPACKING pc=0x00000222e01c23a3 sp=0x0000004e4dffe9d0 mode 2
Event: 341.573 Thread 0x00000222d67be700 Uncommon trap: trap_request=0xffffff45 fr.pc=0x00000222e7e19fc0 relative=0x0000000000000d40
Event: 341.573 Thread 0x00000222d67be700 Uncommon trap: reason=unstable_if action=reinterpret pc=0x00000222e7e19fc0 method=java.nio.Bits.tryReserveMemory(JJ)Z @ 30 c2
Event: 341.573 Thread 0x00000222d67be700 DEOPT PACKING pc=0x00000222e7e19fc0 sp=0x0000004e4b6ff1e0
Event: 341.573 Thread 0x00000222d67be700 DEOPT UNPACKING pc=0x00000222e01c23a3 sp=0x0000004e4b6ff048 mode 2
Event: 363.921 Thread 0x00000222d67be700 DEOPT PACKING pc=0x00000222e0f2bf96 sp=0x0000004e4b6ff450
Event: 363.921 Thread 0x00000222d67be700 DEOPT UNPACKING pc=0x00000222e01c2b43 sp=0x0000004e4b6fe9d8 mode 0

Classes unloaded (0 events):
No events

Classes redefined (0 events):
No events

Internal exceptions (20 events):
Event: 0.156 Thread 0x00000222d67be700 Exception <a 'java/lang/NoSuchMethodError'{0x0000000621a24328}: 'int java.lang.invoke.DirectMethodHandle$Holder.invokeStaticInit(java.lang.Object, java.lang.Object, java.lang.Object, long)'> (0x0000000621a24328) 
thrown [s\open\src\hotspot\share\interpreter\linkResolver.cpp, line 759]
Event: 0.166 Thread 0x00000222d67be700 Exception <a 'sun/nio/fs/WindowsException'{0x0000000621bbff38}> (0x0000000621bbff38) 
thrown [s\open\src\hotspot\share\prims\jni.cpp, line 516]
Event: 0.166 Thread 0x00000222d67be700 Exception <a 'sun/nio/fs/WindowsException'{0x0000000621bc02e8}> (0x0000000621bc02e8) 
thrown [s\open\src\hotspot\share\prims\jni.cpp, line 516]
Event: 0.178 Thread 0x00000222d67be700 Exception <a 'sun/nio/fs/WindowsException'{0x0000000621587028}> (0x0000000621587028) 
thrown [s\open\src\hotspot\share\prims\jni.cpp, line 516]
Event: 0.178 Thread 0x00000222d67be700 Exception <a 'sun/nio/fs/WindowsException'{0x00000006215873a8}> (0x00000006215873a8) 
thrown [s\open\src\hotspot\share\prims\jni.cpp, line 516]
Event: 0.186 Thread 0x00000222fea52440 Exception <a 'java/lang/NoSuchMethodError'{0x00000006216cda70}: 'java.lang.Object java.lang.invoke.DirectMethodHandle$Holder.invokeStaticInit(java.lang.Object, int, int, int, int)'> (0x00000006216cda70) 
thrown [s\open\src\hotspot\share\interpreter\linkResolver.cpp, line 759]
Event: 0.210 Thread 0x00000222d67be700 Exception <a 'sun/nio/fs/WindowsException'{0x000000062280c318}> (0x000000062280c318) 
thrown [s\open\src\hotspot\share\prims\jni.cpp, line 516]
Event: 0.210 Thread 0x00000222d67be700 Exception <a 'sun/nio/fs/WindowsException'{0x000000062280c6a8}> (0x000000062280c6a8) 
thrown [s\open\src\hotspot\share\prims\jni.cpp, line 516]
Event: 0.223 Thread 0x00000222fea52440 Exception <a 'java/lang/NoSuchMethodError'{0x00000006228cf8e8}: 'java.lang.Object java.lang.invoke.DirectMethodHandle$Holder.invokeStaticInit(java.lang.Object, java.lang.Object, int, int, int, int)'> (0x00000006228cf8e8) 
thrown [s\open\src\hotspot\share\interpreter\linkResolver.cpp, line 759]
Event: 0.231 Thread 0x00000222d67be700 Exception <a 'java/lang/NoSuchMethodError'{0x0000000622871590}: 'java.lang.Object java.lang.invoke.DirectMethodHandle$Holder.newInvokeSpecial(java.lang.Object, long)'> (0x0000000622871590) 
thrown [s\open\src\hotspot\share\interpreter\linkResolver.cpp, line 759]
Event: 0.255 Thread 0x00000222fea52440 Exception <a 'java/lang/NoSuchMethodError'{0x0000000622606738}: 'java.lang.Object java.lang.invoke.DirectMethodHandle$Holder.invokeStaticInit(java.lang.Object, java.lang.Object, long, java.lang.Object)'> (0x0000000622606738) 
thrown [s\open\src\hotspot\share\interpreter\linkResolver.cpp, line 759]
Event: 0.379 Thread 0x00000222d67be700 Exception <a 'sun/nio/fs/WindowsException'{0x0000000620de3e40}> (0x0000000620de3e40) 
thrown [s\open\src\hotspot\share\prims\jni.cpp, line 516]
Event: 0.379 Thread 0x00000222d67be700 Exception <a 'sun/nio/fs/WindowsException'{0x0000000620de41f8}> (0x0000000620de41f8) 
thrown [s\open\src\hotspot\share\prims\jni.cpp, line 516]
Event: 0.380 Thread 0x00000222d67be700 Exception <a 'sun/nio/fs/WindowsException'{0x0000000620df1060}> (0x0000000620df1060) 
thrown [s\open\src\hotspot\share\prims\jni.cpp, line 516]
Event: 0.380 Thread 0x00000222d67be700 Exception <a 'sun/nio/fs/WindowsException'{0x0000000620df1350}> (0x0000000620df1350) 
thrown [s\open\src\hotspot\share\prims\jni.cpp, line 516]
Event: 0.433 Thread 0x00000222886714f0 Exception <a 'java/lang/NoSuchMethodError'{0x00000006221e8728}: 'java.lang.Object java.lang.invoke.DirectMethodHandle$Holder.newInvokeSpecial(java.lang.Object, java.lang.Object, java.lang.Object, java.lang.Object, java.lang.Object)'> (0x00000006221e8728) 
thrown [s\open\src\hotspot\share\interpreter\linkResolver.cpp, line 759]
Event: 25.854 Thread 0x00000222886714f0 Implicit null exception at 0x00000222e7e816d4 to 0x00000222e7e87c14
Event: 26.481 Thread 0x00000222886714f0 Implicit null exception at 0x00000222e7e90756 to 0x00000222e7e95e98
Event: 27.108 Thread 0x00000222886714f0 Implicit null exception at 0x00000222e7eaca4f to 0x00000222e7eb2690
Event: 27.735 Thread 0x00000222886714f0 Implicit null exception at 0x00000222e7ec01a8 to 0x00000222e7ec5fb8

VM Operations (20 events):
Event: 419.866 Executing VM operation: G1CollectForAllocation
Event: 419.869 Executing VM operation: G1CollectForAllocation done
Event: 422.340 Executing VM operation: G1CollectForAllocation
Event: 422.343 Executing VM operation: G1CollectForAllocation done
Event: 424.691 Executing VM operation: G1CollectForAllocation
Event: 424.695 Executing VM operation: G1CollectForAllocation done
Event: 426.902 Executing VM operation: G1CollectForAllocation
Event: 426.908 Executing VM operation: G1CollectForAllocation done
Event: 429.043 Executing VM operation: G1CollectForAllocation
Event: 429.048 Executing VM operation: G1CollectForAllocation done
Event: 431.054 Executing VM operation: G1CollectForAllocation
Event: 431.058 Executing VM operation: G1CollectForAllocation done
Event: 433.027 Executing VM operation: G1CollectForAllocation
Event: 433.032 Executing VM operation: G1CollectForAllocation done
Event: 434.890 Executing VM operation: G1CollectForAllocation
Event: 434.896 Executing VM operation: G1CollectForAllocation done
Event: 435.009 Executing VM operation: G1Concurrent
Event: 435.010 Executing VM operation: G1Concurrent done
Event: 435.065 Executing VM operation: G1Concurrent
Event: 435.065 Executing VM operation: G1Concurrent done

Events (20 events):
Event: 177.693 Thread 0x00000222fd98cfd0 flushing nmethod 0x00000222e0f4be90
Event: 177.693 Thread 0x00000222fd98cfd0 flushing nmethod 0x00000222e0f53510
Event: 177.693 Thread 0x00000222fd98cfd0 flushing nmethod 0x00000222e0f54b90
Event: 177.693 Thread 0x00000222fd98cfd0 flushing nmethod 0x00000222e0f57c10
Event: 177.693 Thread 0x00000222fd98cfd0 flushing nmethod 0x00000222e0f64d90
Event: 177.693 Thread 0x00000222fd98cfd0 flushing nmethod 0x00000222e0ff3310
Event: 177.693 Thread 0x00000222fd98cfd0 flushing nmethod 0x00000222e0ff7f10
Event: 177.693 Thread 0x00000222fd98cfd0 flushing nmethod 0x00000222e0ff8390
Event: 220.025 Thread 0x0000022293fcced0 Thread added: 0x0000022293fcced0
Event: 220.025 Thread 0x0000022293fcd8f0 Thread added: 0x0000022293fcd8f0
Event: 228.215 Thread 0x0000022293fcced0 Thread exited: 0x0000022293fcced0
Event: 228.215 Thread 0x0000022293fcd8f0 Thread exited: 0x0000022293fcd8f0
Event: 228.479 Thread 0x0000022293fcb070 Thread added: 0x0000022293fcb070
Event: 228.479 Thread 0x0000022293fcbfa0 Thread added: 0x0000022293fcbfa0
Event: 233.485 Thread 0x0000022293fcbfa0 Thread exited: 0x0000022293fcbfa0
Event: 233.485 Thread 0x0000022293fcb070 Thread exited: 0x0000022293fcb070
Event: 253.818 Thread 0x0000022293fcbfa0 Thread added: 0x0000022293fcbfa0
Event: 258.042 Thread 0x0000022293fcbfa0 Thread exited: 0x0000022293fcbfa0
Event: 258.061 Thread 0x0000022293fcced0 Thread added: 0x0000022293fcced0
Event: 260.471 Thread 0x0000022293fcced0 Thread exited: 0x0000022293fcced0


Dynamic libraries:
0x00007ff66bf70000 - 0x00007ff66bf80000 	C:\Program Files\Java\jdk-17.0.4.1\bin\java.exe
0x00007ffc54850000 - 0x00007ffc54a64000 	C:\WINDOWS\SYSTEM32\ntdll.dll
0x00007ffc52d50000 - 0x00007ffc52e14000 	C:\WINDOWS\System32\KERNEL32.DLL
0x00007ffc52230000 - 0x00007ffc525d4000 	C:\WINDOWS\System32\KERNELBASE.dll
0x00007ffc51f70000 - 0x00007ffc52081000 	C:\WINDOWS\System32\ucrtbase.dll
0x00007ffc465d0000 - 0x00007ffc465e8000 	C:\Program Files\Java\jdk-17.0.4.1\bin\jli.dll
0x00007ffc45b30000 - 0x00007ffc45b4a000 	C:\Program Files\Java\jdk-17.0.4.1\bin\VCRUNTIME140.dll
0x00007ffc527f0000 - 0x00007ffc528a0000 	C:\WINDOWS\System32\ADVAPI32.dll
0x00007ffc52a70000 - 0x00007ffc52b17000 	C:\WINDOWS\System32\msvcrt.dll
0x00007ffc52b20000 - 0x00007ffc52bc6000 	C:\WINDOWS\System32\sechost.dll
0x00007ffc52950000 - 0x00007ffc52a67000 	C:\WINDOWS\System32\RPCRT4.dll
0x00007ffc538d0000 - 0x00007ffc53a7a000 	C:\WINDOWS\System32\USER32.dll
0x00007ffc525e0000 - 0x00007ffc52606000 	C:\WINDOWS\System32\win32u.dll
0x00007ffc46b40000 - 0x00007ffc46dcf000 	C:\WINDOWS\WinSxS\amd64_microsoft.windows.common-controls_6595b64144ccf1df_6.0.22621.2070_none_2713e6537381f706\COMCTL32.dll
0x00007ffc52920000 - 0x00007ffc52949000 	C:\WINDOWS\System32\GDI32.dll
0x00007ffc52110000 - 0x00007ffc52229000 	C:\WINDOWS\System32\gdi32full.dll
0x00007ffc51c30000 - 0x00007ffc51cca000 	C:\WINDOWS\System32\msvcp_win.dll
0x00007ffc4b2c0000 - 0x00007ffc4b2ca000 	C:\WINDOWS\SYSTEM32\VERSION.dll
0x00007ffc52fd0000 - 0x00007ffc53001000 	C:\WINDOWS\System32\IMM32.DLL
0x00007ffc45b10000 - 0x00007ffc45b1c000 	C:\Program Files\Java\jdk-17.0.4.1\bin\vcruntime140_1.dll
0x00007ffc1ccf0000 - 0x00007ffc1cd7d000 	C:\Program Files\Java\jdk-17.0.4.1\bin\msvcp140.dll
0x00007ffc03e20000 - 0x00007ffc049e2000 	C:\Program Files\Java\jdk-17.0.4.1\bin\server\jvm.dll
0x00007ffc527d0000 - 0x00007ffc527d8000 	C:\WINDOWS\System32\PSAPI.DLL
0x00007ffc41720000 - 0x00007ffc41754000 	C:\WINDOWS\SYSTEM32\WINMM.dll
0x00007ffc333e0000 - 0x00007ffc333e9000 	C:\WINDOWS\SYSTEM32\WSOCK32.dll
0x00007ffc540d0000 - 0x00007ffc54141000 	C:\WINDOWS\System32\WS2_32.dll
0x00007ffc50d10000 - 0x00007ffc50d28000 	C:\WINDOWS\SYSTEM32\kernel.appcore.dll
0x00007ffc430f0000 - 0x00007ffc430fa000 	C:\Program Files\Java\jdk-17.0.4.1\bin\jimage.dll
0x00007ffc3eac0000 - 0x00007ffc3ecee000 	C:\WINDOWS\SYSTEM32\DBGHELP.DLL
0x00007ffc54480000 - 0x00007ffc5480a000 	C:\WINDOWS\System32\combase.dll
0x00007ffc52bd0000 - 0x00007ffc52ca7000 	C:\WINDOWS\System32\OLEAUT32.dll
0x00007ffc3e880000 - 0x00007ffc3e8b2000 	C:\WINDOWS\SYSTEM32\dbgcore.DLL
0x00007ffc52090000 - 0x00007ffc5210a000 	C:\WINDOWS\System32\bcryptPrimitives.dll
0x00007ffc1ccc0000 - 0x00007ffc1cce5000 	C:\Program Files\Java\jdk-17.0.4.1\bin\java.dll
0x00007ffc1c920000 - 0x00007ffc1c9f6000 	C:\Program Files\Java\jdk-17.0.4.1\bin\jsvml.dll
0x00007ffc530b0000 - 0x00007ffc538c6000 	C:\WINDOWS\System32\SHELL32.dll
0x00007ffc4fc10000 - 0x00007ffc504fa000 	C:\WINDOWS\SYSTEM32\windows.storage.dll
0x00007ffc4fad0000 - 0x00007ffc4fc0e000 	C:\WINDOWS\SYSTEM32\wintypes.dll
0x00007ffc53f00000 - 0x00007ffc53ff3000 	C:\WINDOWS\System32\SHCORE.dll
0x00007ffc54420000 - 0x00007ffc5447e000 	C:\WINDOWS\System32\shlwapi.dll
0x00007ffc51b60000 - 0x00007ffc51b86000 	C:\WINDOWS\SYSTEM32\profapi.dll
0x00007ffc414f0000 - 0x00007ffc41509000 	C:\Program Files\Java\jdk-17.0.4.1\bin\net.dll
0x00007ffc4ba10000 - 0x00007ffc4bb47000 	C:\WINDOWS\SYSTEM32\WINHTTP.dll
0x00007ffc511e0000 - 0x00007ffc51249000 	C:\WINDOWS\system32\mswsock.dll
0x00007ffc28fa0000 - 0x00007ffc28fb6000 	C:\Program Files\Java\jdk-17.0.4.1\bin\nio.dll
0x00007ffc1cca0000 - 0x00007ffc1ccb8000 	C:\Program Files\Java\jdk-17.0.4.1\bin\zip.dll
0x000000006e700000 - 0x000000006e72a000 	C:\Users\Ocupuc\AppData\Local\Temp\libgdxOcupuc\e1cd32f8\gdx64.dll
0x00007ffc1dd50000 - 0x00007ffc1ddc1000 	C:\Users\Ocupuc\AppData\Local\Temp\lwjglOcupuc\3.3.0-build-21\lwjgl.dll
0x00007ffc4efb0000 - 0x00007ffc4efb9000 	C:\Program Files\Java\jdk-17.0.4.1\bin\management.dll
0x00007ffc4cc10000 - 0x00007ffc4cc1b000 	C:\Program Files\Java\jdk-17.0.4.1\bin\management_ext.dll
0x00007ffbf9f20000 - 0x00007ffbfa176000 	C:\Users\Ocupuc\AppData\Local\Temp\lwjglOcupuc\3.3.0-build-21\jemalloc.dll
0x00007ffc45760000 - 0x00007ffc457c1000 	C:\Users\Ocupuc\AppData\Local\Temp\lwjglOcupuc\3.3.0-build-21\glfw.dll
0x00007ffc31130000 - 0x00007ffc31176000 	C:\WINDOWS\SYSTEM32\dinput8.dll
0x00007ffc24a00000 - 0x00007ffc24a11000 	C:\WINDOWS\SYSTEM32\xinput1_4.dll
0x00007ffc518f0000 - 0x00007ffc5191c000 	C:\WINDOWS\SYSTEM32\DEVOBJ.dll
0x00007ffc51920000 - 0x00007ffc5196e000 	C:\WINDOWS\SYSTEM32\cfgmgr32.dll
0x00007ffc4f3d0000 - 0x00007ffc4f3fb000 	C:\WINDOWS\SYSTEM32\dwmapi.dll
0x00007ffc40b20000 - 0x00007ffc40d21000 	C:\WINDOWS\SYSTEM32\inputhost.dll
0x00007ffc4e830000 - 0x00007ffc4e963000 	C:\WINDOWS\SYSTEM32\CoreMessaging.dll
0x00007ffc4f150000 - 0x00007ffc4f1fb000 	C:\WINDOWS\system32\uxtheme.dll
0x00007ffc14220000 - 0x00007ffc14243000 	C:\Program Files (x86)\Yandex\Punto Switcher\PSHook64.dll
0x00007ffc51450000 - 0x00007ffc5145c000 	C:\WINDOWS\SYSTEM32\CRYPTBASE.DLL
0x0000000180000000 - 0x0000000182dd7000 	C:\Program Files (x86)\RivaTuner Statistics Server\RTSSHooks64.dll
0x00007ffc53a80000 - 0x00007ffc53ef4000 	C:\WINDOWS\System32\SETUPAPI.dll
0x00007ffc542f0000 - 0x00007ffc54417000 	C:\WINDOWS\System32\MSCTF.dll
0x00007ffc46e70000 - 0x00007ffc46e7e000 	C:\Program Files\Java\jdk-17.0.4.1\bin\sunmscapi.dll
0x00007ffc51cd0000 - 0x00007ffc51e37000 	C:\WINDOWS\System32\CRYPT32.dll
0x00007ffc515a0000 - 0x00007ffc515ce000 	C:\WINDOWS\SYSTEM32\ncrypt.dll
0x00007ffc51560000 - 0x00007ffc51597000 	C:\WINDOWS\SYSTEM32\NTASN1.dll
0x00007ffc38330000 - 0x00007ffc38338000 	C:\WINDOWS\system32\wshunix.dll
0x00007ffc51430000 - 0x00007ffc5144b000 	C:\WINDOWS\SYSTEM32\CRYPTSP.dll
0x00007ffc50cd0000 - 0x00007ffc50d05000 	C:\WINDOWS\system32\rsaenh.dll
0x00007ffc512d0000 - 0x00007ffc512fc000 	C:\WINDOWS\SYSTEM32\USERENV.dll
0x00007ffc515d0000 - 0x00007ffc515f8000 	C:\WINDOWS\SYSTEM32\bcrypt.dll
0x00007ffc507d0000 - 0x00007ffc507fd000 	C:\WINDOWS\SYSTEM32\IPHLPAPI.DLL
0x00007ffc53010000 - 0x00007ffc53019000 	C:\WINDOWS\System32\NSI.dll
0x00007ffc03050000 - 0x00007ffc031e7000 	C:\Users\Ocupuc\AppData\Local\Temp\lwjglOcupuc\3.3.0-build-21\OpenAL.dll
0x00007ffc54150000 - 0x00007ffc542ec000 	C:\WINDOWS\System32\ole32.dll
0x00007ffc4b8f0000 - 0x00007ffc4b909000 	C:\WINDOWS\SYSTEM32\dhcpcsvc6.DLL
0x00007ffc4b8d0000 - 0x00007ffc4b8ef000 	C:\WINDOWS\SYSTEM32\dhcpcsvc.DLL
0x00007ffc50840000 - 0x00007ffc50933000 	C:\WINDOWS\SYSTEM32\DNSAPI.dll
0x00007ffc52f20000 - 0x00007ffc52fd0000 	C:\WINDOWS\System32\clbcatq.dll
0x00007ffc49830000 - 0x00007ffc498cd000 	C:\WINDOWS\System32\MMDevApi.dll
0x00007ffc47010000 - 0x00007ffc471fc000 	C:\WINDOWS\SYSTEM32\AUDIOSES.DLL
0x00007ffc4f6e0000 - 0x00007ffc4f6f5000 	C:\WINDOWS\SYSTEM32\resourcepolicyclient.dll
0x00007ffc50b20000 - 0x00007ffc50b6d000 	C:\WINDOWS\SYSTEM32\powrprof.dll
0x00007ffc50b00000 - 0x00007ffc50b13000 	C:\WINDOWS\SYSTEM32\UMPDC.dll
0x00007ffc28fc0000 - 0x00007ffc290c0000 	C:\WINDOWS\SYSTEM32\opengl32.dll
0x00007ffc45ca0000 - 0x00007ffc45ccd000 	C:\WINDOWS\SYSTEM32\GLU32.dll
0x00007ffc4f440000 - 0x00007ffc4f478000 	C:\WINDOWS\SYSTEM32\dxcore.dll
0x00007ffc4b120000 - 0x00007ffc4b255000 	C:\Windows\System32\AppXDeploymentClient.dll
0x00007ffbb7670000 - 0x00007ffbbb8fa000 	C:\WINDOWS\System32\DriverStore\FileRepository\nv_dispi.inf_amd64_5b6e4554b945d508\nvoglv64.dll
0x00007ffc4f0d0000 - 0x00007ffc4f0e4000 	C:\WINDOWS\SYSTEM32\WTSAPI32.dll
0x00007ffc518d0000 - 0x00007ffc518e2000 	C:\WINDOWS\SYSTEM32\msasn1.dll
0x00007ffc4b280000 - 0x00007ffc4b2b2000 	C:\WINDOWS\SYSTEM32\cryptnet.dll
0x00007ffc4abe0000 - 0x00007ffc4ad38000 	C:\WINDOWS\SYSTEM32\drvstore.dll
0x00007ffc514e0000 - 0x00007ffc5152b000 	C:\WINDOWS\SYSTEM32\wldp.dll
0x00007ffc51f00000 - 0x00007ffc51f6b000 	C:\WINDOWS\System32\WINTRUST.dll
0x00007ffc50d80000 - 0x00007ffc50db4000 	C:\WINDOWS\SYSTEM32\ntmarta.dll
0x00007ffc0dd60000 - 0x00007ffc0e031000 	C:\WINDOWS\system32\nvspcap64.dll
0x00007ffc4bdf0000 - 0x00007ffc4bdfa000 	C:\Windows\System32\rasadhlp.dll
0x00007ffc4a5b0000 - 0x00007ffc4a634000 	C:\WINDOWS\System32\fwpuclnt.dll
0x00007ffc50760000 - 0x00007ffc507c6000 	C:\WINDOWS\SYSTEM32\WINSTA.dll
0x00007ffc17980000 - 0x00007ffc179dd000 	C:\Users\Ocupuc\AppData\Local\Temp\lwjglOcupuc\3.3.0-build-21\lwjgl_opengl.dll
0x00007ffc356e0000 - 0x00007ffc3580d000 	C:\WINDOWS\SYSTEM32\textinputframework.dll
0x00007ffc4a7f0000 - 0x00007ffc4ab5c000 	C:\WINDOWS\SYSTEM32\CoreUIComponents.dll

dbghelp: loaded successfully - version: 4.0.5 - missing functions: none
symbol engine: initialized successfully - sym options: 0x614 - pdb path: .;C:\Program Files\Java\jdk-17.0.4.1\bin;C:\WINDOWS\SYSTEM32;C:\WINDOWS\WinSxS\amd64_microsoft.windows.common-controls_6595b64144ccf1df_6.0.22621.2070_none_2713e6537381f706;C:\Program Files\Java\jdk-17.0.4.1\bin\server;C:\Users\Ocupuc\AppData\Local\Temp\libgdxOcupuc\e1cd32f8;C:\Users\Ocupuc\AppData\Local\Temp\lwjglOcupuc\3.3.0-build-21;C:\Program Files (x86)\Yandex\Punto Switcher;C:\Program Files (x86)\RivaTuner Statistics Server;C:\WINDOWS\System32\DriverStore\FileRepository\nv_dispi.inf_amd64_5b6e4554b945d508

VM Arguments:
jvm_args: -Dfile.encoding=windows-1251 -Duser.country=RU -Duser.language=ru -Duser.variant 
java_command: ru.ocupuc.ClientApp
java_class_path (initial): D:\libGDX\Pacman0907\Client\build\classes\java\main;D:\libGDX\Pacman0907\Client\build\resources\main;C:\Users\Ocupuc\.gradle\caches\modules-2\files-2.1\com.badlogicgames.gdx\gdx-backend-lwjgl3\1.10.0\600c7d5b2c977daa82c4abad147087b31e0ada87\gdx-backend-lwjgl3-1.10.0.jar;C:\Users\Ocupuc\.m2\repository\com\badlogicgames\gdx\gdx\1.10.0\gdx-1.10.0.jar;C:\Users\Ocupuc\.gradle\caches\modules-2\files-2.1\org.lwjgl\lwjgl-assimp\3.3.0\a68c8ba203ded0d90ef4d8250d5f18fa565bf8f9\lwjgl-assimp-3.3.0-natives-macos-arm64.jar;C:\Users\Ocupuc\.gradle\caches\modules-2\files-2.1\org.lwjgl\lwjgl-bgfx\3.3.0\d1d1d8f5db81a65d771760f5146196c4ec33cd18\lwjgl-bgfx-3.3.0-natives-macos-arm64.jar;C:\Users\Ocupuc\.gradle\caches\modules-2\files-2.1\org.lwjgl\lwjgl-glfw\3.3.0\1cc19d82bd2a486cb709a4cf7b4962fe65901199\lwjgl-glfw-3.3.0-natives-macos-arm64.jar;C:\Users\Ocupuc\.gradle\caches\modules-2\files-2.1\org.lwjgl\lwjgl-glfw\3.3.0\899e34f314525596f8fdb6476d3e56104da4601d\lwjgl-glfw-3.3.0.jar;C:\Users\Ocupuc\.gradle\caches\modules-2\files-2.1\org.lwjgl\lwjgl-glfw\3.3.0\b2d71cebdfecc512131879573e835211cb47b91f\lwjgl-glfw-3.3.0-natives-windows.jar;C:\Users\Ocupuc\.gradle\caches\modules-2\files-2.1\org.lwjgl\lwjgl-glfw\3.3.0\d8f30fe91ce78ebdcb6f41cbf95922e57eabb47e\lwjgl-glfw-3.3.0-natives-windows-x86.jar;C:\Users\Ocupuc\.gradle\caches\modules-2\files-2.1\org.lwjgl\lwjgl-glfw\3.3.0\d710d7211b4060f738123a47dcc530329ecb0661\lwjgl-glfw-3.3.0-natives-linux.jar;C:\Users\Ocupuc\.gradle\caches\modules-2\files-2.1\org.lwjgl\lwjgl-glfw\3.3.0\10115da2b6a76a12ef2cda46f32df40ea1cf3e9d\lwjgl-glfw-3.3.0-natives-linux-arm32.jar;C:\Users\Ocupuc\.gradle\caches\modules-2\files-2.1\org.lwjgl\lwjgl-glfw\3.3.0\63e71d91dc7f92a67b64bb344a559257126eef0a\lwjgl-glfw-3.3.0-natives-linux-arm64.jar;C:\Users\Ocupuc\.gradle\caches\modules-2\files-2.1\org.lwjgl\lwjgl-glfw\3.3.0\98de70314a31417494c2308587193e371c844a8b\lwjgl-glfw-3.3.0-natives-macos.jar;C:\Users\Ocupuc\.gradle\caches\modules-2\files-2.1\or
Launcher Type: SUN_STANDARD

[Global flags]
     intx CICompilerCount                          = 12                                        {product} {ergonomic}
     uint ConcGCThreads                            = 3                                         {product} {ergonomic}
     uint G1ConcRefinementThreads                  = 13                                        {product} {ergonomic}
   size_t G1HeapRegionSize                         = 4194304                                   {product} {ergonomic}
    uintx GCDrainStackTargetSize                   = 64                                        {product} {ergonomic}
   size_t InitialHeapSize                          = 536870912                                 {product} {ergonomic}
   size_t MarkStackSize                            = 4194304                                   {product} {ergonomic}
   size_t MaxHeapSize                              = 8543797248                                {product} {ergonomic}
   size_t MaxNewSize                               = 5125439488                                {product} {ergonomic}
   size_t MinHeapDeltaBytes                        = 4194304                                   {product} {ergonomic}
   size_t MinHeapSize                              = 8388608                                   {product} {ergonomic}
    uintx NonNMethodCodeHeapSize                   = 7602480                                {pd product} {ergonomic}
    uintx NonProfiledCodeHeapSize                  = 122027880                              {pd product} {ergonomic}
    uintx ProfiledCodeHeapSize                     = 122027880                              {pd product} {ergonomic}
    uintx ReservedCodeCacheSize                    = 251658240                              {pd product} {ergonomic}
     bool SegmentedCodeCache                       = true                                      {product} {ergonomic}
   size_t SoftMaxHeapSize                          = 8543797248                             {manageable} {ergonomic}
     bool UseCompressedClassPointers               = true                           {product lp64_product} {ergonomic}
     bool UseCompressedOops                        = true                           {product lp64_product} {ergonomic}
     bool UseG1GC                                  = true                                      {product} {ergonomic}
     bool UseLargePagesIndividualAllocation        = false                                  {pd product} {ergonomic}

Logging:
Log output configuration:
 #0: stdout all=warning uptime,level,tags
 #1: stderr all=off uptime,level,tags

Environment Variables:
JAVA_HOME=C:\Program Files\Java\jdk-17.0.4.1
PATH=C:\Program Files\Common Files\Oracle\Java\javapath;C:\Program Files (x86)\Common Files\Oracle\Java\javapath;C:\Windows\system32;C:\Windows;C:\Windows\System32\Wbem;C:\Windows\System32\WindowsPowerShell\v1.0\;C:\Windows\System32\OpenSSH\;C:\Program Files\NVIDIA Corporation\NVIDIA NvDLISR;C:\Program Files (x86)\NVIDIA Corporation\PhysX\Common;C:\Program Files\WireGuard\;C:\Program Files\Microsoft SQL Server\120\Tools\Binn\;C:\Program Files\Common Files\Autodesk Shared\;C:\WINDOWS\system32;C:\WINDOWS;C:\WINDOWS\System32\Wbem;C:\WINDOWS\System32\WindowsPowerShell\v1.0\;C:\WINDOWS\System32\OpenSSH\;C:\Program Files\dotnet\;C:\Program Files\nodejs\;C:\Program Files\PuTTY\;C:\Program Files\Git\cmd;C:\Users\Ocupuc\AppData\Local\Microsoft\WindowsApps;C:\Program Files\JetBrains\IntelliJ IDEA 2022.2.3\bin;;C:\Program Files\JetBrains\IntelliJ IDEA Community Edition 2022.2.3\bin;;C:\apache-maven-3.8.6\bin;C:\Program Files\JetBrains\DataGrip 2023.1\bin;;C:\Users\Ocupuc\AppData\Local\Programs\Microsoft VS Code\bin;C:\Program Files\JetBrains\JetBrains Rider 2023.1.2\bin;;C:\Users\Ocupuc\AppData\Roaming\npm;C:\Users\Ocupuc\AppData\Local\GitHubDesktop\bin
USERNAME=Ocupuc
OS=Windows_NT
PROCESSOR_IDENTIFIER=Intel64 Family 6 Model 151 Stepping 2, GenuineIntel



---------------  S Y S T E M  ---------------

OS:
 Windows 11 , 64 bit Build 22621 (10.0.22621.2070)
OS uptime: 1 days 19:10 hours

CPU: total 16 (initial active 16) (8 cores per cpu, 2 threads per core) family 6 model 151 stepping 2 microcode 0x26, cx8, cmov, fxsr, ht, mmx, 3dnowpref, sse, sse2, sse3, ssse3, sse4.1, sse4.2, popcnt, lzcnt, tsc, tscinvbit, avx, avx2, aes, erms, clmul, bmi1, bmi2, adx, sha, fma, vzeroupper, clflush, clflushopt, clwb

Memory: 4k page, system-wide physical 32585M (2391M free)
TotalPageFile size 64585M (AvailPageFile size 2M)
current process WorkingSet (physical memory assigned to process): 7255M, peak: 7255M
current process commit charge ("private bytes"): 18344M, peak: 18344M

vm_info: Java HotSpot(TM) 64-Bit Server VM (17.0.4.1+1-LTS-2) for windows-amd64 JRE (17.0.4.1+1-LTS-2), built on Aug 16 2022 18:32:06 by "mach5one" with MS VC++ 16.8 / 16.9 (VS2019)

END.
